#
# A fatal error has been detected by the Java Runtime Environment:
#
#  SIGSEGV (0xb) at pc=0x00007fff923a002b, pid=1132, tid=1299
#
# JRE version: Java(TM) SE Runtime Environment (8.0_25-b17) (build 1.8.0_25-b17)
# Java VM: Java HotSpot(TM) 64-Bit Server VM (25.25-b02 mixed mode bsd-amd64 compressed oops)
# Problematic frame:
# C  [CoreGraphics+0x4002b]  CGSWindowShmemGetWindowSeed+0x7
#
# Failed to write core dump. Core dumps have been disabled. To enable core dumping, try "ulimit -c unlimited" before starting Java again
#
# If you would like to submit a bug report, please visit:
#   http://bugreport.sun.com/bugreport/crash.jsp
# The crash happened outside the Java Virtual Machine in native code.
# See problematic frame for where to report the bug.
#

---------------  T H R E A D  ---------------

Current thread (0x00007f8bba90b800):  JavaThread "AppKit Thread" daemon [_thread_in_native, id=1299, stack(0x00007fff58c55000,0x00007fff59455000)]

siginfo: si_signo: 11 (SIGSEGV), si_code: 1 (SEGV_MAPERR), si_addr: 0x0000000126139fec

Registers:
RAX=0x0000000126139fe0, RBX=0x00007f8bb86cffd0, RCX=0x00007f8bba058220, RDX=0x00007f8bb86cf650
RSP=0x00007fff5944f820, RBP=0x00007fff5944f820, RSI=0x00007fff5944f888, RDI=0x00007f8bb86cf170
R8 =0x0000000000000001, R9 =0x00007f8bb8703790, R10=0x00007f8bba05ee90, R11=0x00007fff79d025a0
R12=0x00007f8bbf00efd0, R13=0x00007f8bb86cf790, R14=0x00007fff5944f888, R15=0x00007f8bba0b5470
RIP=0x00007fff923a002b, EFLAGS=0x0000000000010206, ERR=0x0000000000000004
  TRAPNO=0x000000000000000e

Top of Stack: (sp=0x00007fff5944f820)
0x00007fff5944f820:   00007fff5944f870 00007fff9239ff88
0x00007fff5944f830:   0000000000001110 00007fff7acc5e80
0x00007fff5944f840:   00007fff5944f8b0 00007f8bb86d00a0
0x00007fff5944f850:   00007f8bbf00efd0 0000000000000000
0x00007fff5944f860:   00007fff5944f8b0 00007f8bba0b5470
0x00007fff5944f870:   00007fff5944f8a0 00007fff89d879b5
0x00007fff5944f880:   00007f8bb84b7e20 0000000000000000
0x00007fff5944f890:   00007fff5944f960 00007f8bb86cfc30
0x00007fff5944f8a0:   00007fff5944f8d0 00007fff89d8819e
0x00007fff5944f8b0:   00007fff5944fd00 00007fff95b6ae8f
0x00007fff5944f8c0:   00007fff5944f960 00007fff5944fa00
0x00007fff5944f8d0:   00007fff5944f8f0 00007fff923ab2ee
0x00007fff5944f8e0:   401c000000000000 00007f8bb86cfa30
0x00007fff5944f8f0:   00007fff5944f9a0 00007fff923b035a
0x00007fff5944f900:   00000001067c8a00 0000000000000000
0x00007fff5944f910:   00000001067c5000 0000000000000000
0x00007fff5944f920:   0000000000000011 00007fff95b80117
0x00007fff5944f930:   ffff807445f4ab8f 00007fff5944f9f0
0x00007fff5944f940:   00007fff5944f970 00007fff95b6d5d3
0x00007fff5944f950:   ffff807445f4ab8f 00007fff8f98923e
0x00007fff5944f960:   00007fff95b640c0 00007fff5944f9f0
0x00007fff5944f970:   00007fff5944f9d0 00007fff8efb1eab
0x00007fff5944f980:   00007fff5944f9b0 0000000000002800
0x00007fff5944f990:   00007fff5944fb20 00007fff5944fa50
0x00007fff5944f9a0:   00007fff5944fa40 00007fff923ce100
0x00007fff5944f9b0:   00007fff5944fa30 00007f8bba0b5470
0x00007fff5944f9c0:   00007fff5944fa40 00007f8bba0b5470
0x00007fff5944f9d0:   00007fff5944fa70 00007fff8efb1de3
0x00007fff5944f9e0:   0000000000000000 0000000000000000
0x00007fff5944f9f0:   00007fff799760d0 0000000042000000
0x00007fff5944fa00:   00007fff8f15b393 00007fff79ab1e60
0x00007fff5944fa10:   00007f8bba0b5470 00007fff8ef85add 

Instructions: (pc=0x00007fff923a002b)
0x00007fff923a000b:   5b 41 5c 41 5d 41 5e 41 5f 5d c3 55 48 89 e5 48
0x00007fff923a001b:   8b 7f 28 5d e9 00 00 00 00 55 48 89 e5 48 8b 07
0x00007fff923a002b:   8b 40 0c 5d c3 55 48 89 e5 53 50 48 89 f3 48 85
0x00007fff923a003b:   db 74 0e e8 10 00 00 00 f2 0f 11 03 f2 0f 11 4b 

Register to memory mapping:

RAX=0x0000000126139fe0 is an unknown value
RBX=0x00007f8bb86cffd0 is an unknown value
RCX=0x00007f8bba058220 is an unknown value
RDX=0x00007f8bb86cf650 is an unknown value
RSP=0x00007fff5944f820 is pointing into the stack for thread: 0x00007f8bba90b800
RBP=0x00007fff5944f820 is pointing into the stack for thread: 0x00007f8bba90b800
RSI=0x00007fff5944f888 is pointing into the stack for thread: 0x00007f8bba90b800
RDI=0x00007f8bb86cf170 is an unknown value
R8 =0x0000000000000001 is an unknown value
R9 =0x00007f8bb8703790 is an unknown value
R10=0x00007f8bba05ee90 is an unknown value
R11=0x00007fff79d025a0: OBJC_CLASS_$_NSWindowGraphicsContext+0 in /System/Library/Frameworks/AppKit.framework/Versions/C/AppKit at 0x00007fff8ef7b000
R12=0x00007f8bbf00efd0 is an unknown value
R13=0x00007f8bb86cf790 is an unknown value
R14=0x00007fff5944f888 is pointing into the stack for thread: 0x00007f8bba90b800
R15=0x00007f8bba0b5470 is an unknown value


Stack: [0x00007fff58c55000,0x00007fff59455000],  sp=0x00007fff5944f820,  free space=8170k
Native frames: (J=compiled Java code, j=interpreted, Vv=VM code, C=native code)
C  [CoreGraphics+0x4002b]  CGSWindowShmemGetWindowSeed+0x7
C  [CoreGraphics+0x3ff88]  CGSDeviceGetGeometry+0x2a
C  [libRIP.A.dylib+0xf9b5]  ripd_Geometry+0x1e
C  [libRIP.A.dylib+0x1019e]  ripc_GetTransform+0x2c
C  [CoreGraphics+0x4b2ee]  CGContextDelegateGetTransform+0x1c
C  [CoreGraphics+0x5035a]  CGContextGetUserSpaceToDeviceSpaceTransform+0x3f
C  [CoreGraphics+0x6e100]  CGContextConvertRectToDeviceSpace+0x2c
C  [AppKit+0xe6d4f]  -[NSThemeFrame drawFrame:]+0xb9
C  [AppKit+0xe6b36]  -[NSFrameView drawRect:]+0x44b
C  [AppKit+0xe66c6]  -[NSThemeFrame drawRect:]+0x118
C  [AppKit+0xe56ea]  -[NSView _drawRect:clip:]+0x10ef
C  [AppKit+0xe2483]  -[NSView _recursiveDisplayRectIfNeededIgnoringOpacity:isVisibleRect:rectIsVisibleRectForView:topView:]+0xc7e
C  [AppKit+0xe12f3]  -[NSThemeFrame _recursiveDisplayRectIfNeededIgnoringOpacity:isVisibleRect:rectIsVisibleRectForView:topView:]+0x14d
C  [AppKit+0xdd68b]  -[NSView _displayRectIgnoringOpacity:isVisibleRect:rectIsVisibleRectForView:]+0xac9
C  [AppKit+0x951ae]  -[NSView displayIfNeeded]+0x754
C  [AppKit+0x94a09]  -[NSWindow displayIfNeeded]+0xec
C  [AppKit+0x94672]  _handleWindowNeedsDisplayOrLayoutOrUpdateConstraints+0x3a8
C  [AppKit+0x7ca171]  __83-[NSWindow _postWindowNeedsDisplayOrLayoutOrUpdateConstraintsUnlessPostingDisabled]_block_invoke1540+0x2e
C  [CoreFoundation+0x80127]  __CFRUNLOOP_IS_CALLING_OUT_TO_AN_OBSERVER_CALLBACK_FUNCTION__+0x17
C  [CoreFoundation+0x80080]  __CFRunLoopDoObservers+0x170
C  [CoreFoundation+0x72188]  __CFRunLoopRun+0x368
C  [CoreFoundation+0x71bd8]  CFRunLoopRunSpecific+0x128
C  [HIToolbox+0x3256f]  RunCurrentEventLoopInMode+0xeb
C  [HIToolbox+0x322ea]  ReceiveNextEventCommon+0x1af
C  [HIToolbox+0x3212b]  _BlockUntilNextEventMatchingListInModeWithFilter+0x47
C  [AppKit+0x918ab]  _DPSNextEvent+0x3d2
C  [AppKit+0x90e58]  -[NSApplication nextEventMatchingMask:untilDate:inMode:dequeue:]+0x15a
C  [libosxapp.dylib+0x242a]  -[NSApplicationAWT nextEventMatchingMask:untilDate:inMode:dequeue:]+0x7c
C  [AppKit+0x86af3]  -[NSApplication run]+0x252
C  [libosxapp.dylib+0x223e]  +[NSApplicationAWT runAWTLoopWithApp:]+0x9c
C  [libawt_lwawt.dylib+0x4494f]  -[AWTStarter starter:]+0x389
C  [Foundation+0x92d00]  __NSThreadPerformPerform+0x125
C  [CoreFoundation+0x80a01]  __CFRUNLOOP_IS_CALLING_OUT_TO_A_SOURCE0_PERFORM_FUNCTION__+0x11
C  [CoreFoundation+0x72b8d]  __CFRunLoopDoSources0+0x10d
C  [CoreFoundation+0x721bf]  __CFRunLoopRun+0x39f
C  [CoreFoundation+0x71bd8]  CFRunLoopRunSpecific+0x128
C  [java+0x56cc]  CreateExecutionEnvironment+0x367
C  [java+0x165c]  JLI_Launch+0x7a0
C  [java+0x768a]  main+0x65
C  [java+0xeb4]  start+0x34
C  0x0000000000000009


---------------  P R O C E S S  ---------------

Java Threads: ( => current thread )
  0x00007f8bb90ff000 JavaThread "AWT-EventQueue-0" [_thread_blocked, id=32815, stack(0x0000000129d20000,0x0000000129e20000)]
  0x00007f8bb90fe000 JavaThread "AWT-Shutdown" [_thread_blocked, id=56903, stack(0x0000000129c1d000,0x0000000129d1d000)]
  0x00007f8bbaaff000 JavaThread "Java2D Disposer" daemon [_thread_blocked, id=57119, stack(0x0000000128cc4000,0x0000000128dc4000)]
  0x00007f8bb98fe000 JavaThread "Java2D Queue Flusher" daemon [_thread_blocked, id=54539, stack(0x0000000128b6a000,0x0000000128c6a000)]
=>0x00007f8bba90b800 JavaThread "AppKit Thread" daemon [_thread_in_native, id=1299, stack(0x00007fff58c55000,0x00007fff59455000)]
  0x00007f8bb8826000 JavaThread "Service Thread" daemon [_thread_blocked, id=21763, stack(0x00000001241c9000,0x00000001242c9000)]
  0x00007f8bba8df800 JavaThread "C1 CompilerThread3" daemon [_thread_blocked, id=21251, stack(0x00000001240c6000,0x00000001241c6000)]
  0x00007f8bba8d0800 JavaThread "C2 CompilerThread2" daemon [_thread_blocked, id=20739, stack(0x0000000123fc3000,0x00000001240c3000)]
  0x00007f8bba8cf800 JavaThread "C2 CompilerThread1" daemon [_thread_blocked, id=20227, stack(0x0000000123ec0000,0x0000000123fc0000)]
  0x00007f8bb8825000 JavaThread "C2 CompilerThread0" daemon [_thread_blocked, id=19715, stack(0x0000000123dbd000,0x0000000123ebd000)]
  0x00007f8bba8cf000 JavaThread "Signal Dispatcher" daemon [_thread_blocked, id=19203, stack(0x0000000123cba000,0x0000000123dba000)]
  0x00007f8bba89f800 JavaThread "Surrogate Locker Thread (Concurrent GC)" daemon [_thread_blocked, id=18455, stack(0x0000000123bb7000,0x0000000123cb7000)]
  0x00007f8bb9810000 JavaThread "Finalizer" daemon [_thread_blocked, id=14595, stack(0x00000001221b1000,0x00000001222b1000)]
  0x00007f8bb9802000 JavaThread "Reference Handler" daemon [_thread_blocked, id=14083, stack(0x00000001220ae000,0x00000001221ae000)]
  0x00007f8bb8807800 JavaThread "main" [_thread_blocked, id=6403, stack(0x00000001068c2000,0x00000001069c2000)]

Other Threads:
  0x00007f8bb881b800 VMThread [stack: 0x0000000121fab000,0x00000001220ab000] [id=13571]
  0x00007f8bb984b800 WatcherThread [stack: 0x00000001242cc000,0x00000001243cc000] [id=22275]

VM state:at safepoint (normal execution)

VM Mutex/Monitor currently owned by a thread:  ([mutex/lock_event])
[0x00007f8bba001da0] Threads_lock - owner thread: 0x00007f8bb881b800
[0x00007f8bba002320] Heap_lock - owner thread: 0x00007f8bba8cf000

Heap:
 par new generation   total 613440K, used 613439K [0x0000000680000000, 0x00000006a9990000, 0x00000006a9990000)
  eden space 545344K, 100% used [0x0000000680000000, 0x00000006a1490000, 0x00000006a1490000)
  from space 68096K,  99% used [0x00000006a5710000, 0x00000006a998ff38, 0x00000006a9990000)
  to   space 68096K,   0% used [0x00000006a1490000, 0x00000006a1490000, 0x00000006a5710000)
 concurrent mark-sweep generation total 4561344K, used 4561343K [0x00000006a9990000, 0x00000007c0000000, 0x00000007c0000000)
 Metaspace       used 16314K, capacity 16600K, committed 16768K, reserved 1064960K
  class space    used 2053K, capacity 2140K, committed 2176K, reserved 1048576K

Card table byte_map: [0x0000000118528000,0x0000000118f29000] byte_map_base: 0x0000000115128000

Marking Bits: (CMSBitMap*) 0x00007f8bba86bb48
 Bits: [0x0000000119fdd000, 0x000000011e576c00)

Mod Union Table: (CMSBitMap*) 0x00007f8bba86bc08
 Bits: [0x000000011e577000, 0x000000011e68d670)

Polling page: 0x00000001069d2000

CodeCache: size=245760Kb used=4768Kb max_used=5627Kb free=240991Kb
 bounds [0x0000000108950000, 0x0000000108f00000, 0x0000000117950000]
 total_blobs=1973 nmethods=1409 adapters=480
 compilation: enabled

Compilation events (10 events):
Event: 3971.334 Thread 0x00007f8bba8df800 1686       3       java.nio.MappedByteBuffer::<init> (15 bytes)
Event: 3971.334 Thread 0x00007f8bb8825000 1685       4       java.util.concurrent.locks.ReentrantLock::lock (8 bytes)
Event: 3971.346 Thread 0x00007f8bba8d0800 1683       4       java.util.concurrent.locks.ReentrantReadWriteLock::writeLock (5 bytes)
Event: 3971.349 Thread 0x00007f8bba8cf800 1684       4       java.util.concurrent.locks.ReentrantReadWriteLock$WriteLock::lock (9 bytes)
Event: 3971.380 Thread 0x00007f8bba8df800 nmethod 1686 0x0000000108d9a790 code [0x0000000108d9a900, 0x0000000108d9ab28]
Event: 3971.429 Thread 0x00007f8bba8df800 1687       3       java.nio.ByteBuffer::<init> (12 bytes)
Event: 3971.429 Thread 0x00007f8bba8df800 nmethod 1687 0x0000000108d37650 code [0x0000000108d377c0, 0x0000000108d37968]
Event: 3971.508 Thread 0x00007f8bba8d0800 nmethod 1683 0x0000000108a57750 code [0x0000000108a578a0, 0x0000000108a57918]
Event: 3971.508 Thread 0x00007f8bba8cf800 nmethod 1684 0x0000000108dac710 code [0x0000000108dac8a0, 0x0000000108dacb90]
Event: 3971.516 Thread 0x00007f8bb8825000 nmethod 1685 0x0000000108adec50 code [0x0000000108adee00, 0x0000000108adf0c0]

GC Heap History (10 events):
Event: 28025.716 GC heap after
Heap after GC invocations=6781 (full 999):
 par new generation   total 613440K, used 613439K [0x0000000680000000, 0x00000006a9990000, 0x00000006a9990000)
  eden space 545344K, 100% used [0x0000000680000000, 0x00000006a1490000, 0x00000006a1490000)
  from space 68096K,  99% used [0x00000006a5710000, 0x00000006a998fcc0, 0x00000006a9990000)
  to   space 68096K,   0% used [0x00000006a1490000, 0x00000006a1490000, 0x00000006a5710000)
 concurrent mark-sweep generation total 4561344K, used 4561343K [0x00000006a9990000, 0x00000007c0000000, 0x00000007c0000000)
 Metaspace       used 16313K, capacity 16600K, committed 16768K, reserved 1064960K
  class space    used 2053K, capacity 2140K, committed 2176K, reserved 1048576K
}
Event: 28025.992 GC heap before
{Heap before GC invocations=6781 (full 1000):
 par new generation   total 613440K, used 613439K [0x0000000680000000, 0x00000006a9990000, 0x00000006a9990000)
  eden space 545344K, 100% used [0x0000000680000000, 0x00000006a1490000, 0x00000006a1490000)
  from space 68096K,  99% used [0x00000006a5710000, 0x00000006a998ffc0, 0x00000006a9990000)
  to   space 68096K,   0% used [0x00000006a1490000, 0x00000006a1490000, 0x00000006a5710000)
 concurrent mark-sweep generation total 4561344K, used 4561343K [0x00000006a9990000, 0x00000007c0000000, 0x00000007c0000000)
 Metaspace       used 16313K, capacity 16600K, committed 16768K, reserved 1064960K
  class space    used 2053K, capacity 2140K, committed 2176K, reserved 1048576K
Event: 28062.628 GC heap after
Heap after GC invocations=6782 (full 1001):
 par new generation   total 613440K, used 613439K [0x0000000680000000, 0x00000006a9990000, 0x00000006a9990000)
  eden space 545344K, 100% used [0x0000000680000000, 0x00000006a1490000, 0x00000006a1490000)
  from space 68096K,  99% used [0x00000006a5710000, 0x00000006a998fe00, 0x00000006a9990000)
  to   space 68096K,   0% used [0x00000006a1490000, 0x00000006a1490000, 0x00000006a5710000)
 concurrent mark-sweep generation total 4561344K, used 4561343K [0x00000006a9990000, 0x00000007c0000000, 0x00000007c0000000)
 Metaspace       used 16313K, capacity 16600K, committed 16768K, reserved 1064960K
  class space    used 2053K, capacity 2140K, committed 2176K, reserved 1048576K
}
Event: 28062.630 GC heap before
{Heap before GC invocations=6782 (full 1001):
 par new generation   total 613440K, used 613439K [0x0000000680000000, 0x00000006a9990000, 0x00000006a9990000)
  eden space 545344K, 100% used [0x0000000680000000, 0x00000006a1490000, 0x00000006a1490000)
  from space 68096K,  99% used [0x00000006a5710000, 0x00000006a998ff08, 0x00000006a9990000)
  to   space 68096K,   0% used [0x00000006a1490000, 0x00000006a1490000, 0x00000006a5710000)
 concurrent mark-sweep generation total 4561344K, used 4561343K [0x00000006a9990000, 0x00000007c0000000, 0x00000007c0000000)
 Metaspace       used 16313K, capacity 16600K, committed 16768K, reserved 1064960K
  class space    used 2053K, capacity 2140K, committed 2176K, reserved 1048576K
Event: 28080.369 GC heap after
Heap after GC invocations=6783 (full 1002):
 par new generation   total 613440K, used 613439K [0x0000000680000000, 0x00000006a9990000, 0x00000006a9990000)
  eden space 545344K, 100% used [0x0000000680000000, 0x00000006a1490000, 0x00000006a1490000)
  from space 68096K,  99% used [0x00000006a5710000, 0x00000006a998fea8, 0x00000006a9990000)
  to   space 68096K,   0% used [0x00000006a1490000, 0x00000006a1490000, 0x00000006a5710000)
 concurrent mark-sweep generation total 4561344K, used 4561343K [0x00000006a9990000, 0x00000007c0000000, 0x00000007c0000000)
 Metaspace       used 16313K, capacity 16600K, committed 16768K, reserved 1064960K
  class space    used 2053K, capacity 2140K, committed 2176K, reserved 1048576K
}
Event: 28080.638 GC heap before
{Heap before GC invocations=6783 (full 1003):
 par new generation   total 613440K, used 613439K [0x0000000680000000, 0x00000006a9990000, 0x00000006a9990000)
  eden space 545344K, 100% used [0x0000000680000000, 0x00000006a1490000, 0x00000006a1490000)
  from space 68096K,  99% used [0x00000006a5710000, 0x00000006a998fff0, 0x00000006a9990000)
  to   space 68096K,   0% used [0x00000006a1490000, 0x00000006a1490000, 0x00000006a5710000)
 concurrent mark-sweep generation total 4561344K, used 4561343K [0x00000006a9990000, 0x00000007c0000000, 0x00000007c0000000)
 Metaspace       used 16313K, capacity 16600K, committed 16768K, reserved 1064960K
  class space    used 2053K, capacity 2140K, committed 2176K, reserved 1048576K
Event: 28102.882 GC heap after
Heap after GC invocations=6784 (full 1004):
 par new generation   total 613440K, used 613439K [0x0000000680000000, 0x00000006a9990000, 0x00000006a9990000)
  eden space 545344K, 100% used [0x0000000680000000, 0x00000006a1490000, 0x00000006a1490000)
  from space 68096K,  99% used [0x00000006a5710000, 0x00000006a998fec0, 0x00000006a9990000)
  to   space 68096K,   0% used [0x00000006a1490000, 0x00000006a1490000, 0x00000006a5710000)
 concurrent mark-sweep generation total 4561344K, used 4561343K [0x00000006a9990000, 0x00000007c0000000, 0x00000007c0000000)
 Metaspace       used 16313K, capacity 16600K, committed 16768K, reserved 1064960K
  class space    used 2053K, capacity 2140K, committed 2176K, reserved 1048576K
}
Event: 28102.914 GC heap before
{Heap before GC invocations=6784 (full 1004):
 par new generation   total 613440K, used 613439K [0x0000000680000000, 0x00000006a9990000, 0x00000006a9990000)
  eden space 545344K, 100% used [0x0000000680000000, 0x00000006a1490000, 0x00000006a1490000)
  from space 68096K,  99% used [0x00000006a5710000, 0x00000006a998ffe0, 0x00000006a9990000)
  to   space 68096K,   0% used [0x00000006a1490000, 0x00000006a1490000, 0x00000006a5710000)
 concurrent mark-sweep generation total 4561344K, used 4561343K [0x00000006a9990000, 0x00000007c0000000, 0x00000007c0000000)
 Metaspace       used 16314K, capacity 16600K, committed 16768K, reserved 1064960K
  class space    used 2053K, capacity 2140K, committed 2176K, reserved 1048576K
Event: 28119.368 GC heap after
Heap after GC invocations=6785 (full 1005):
 par new generation   total 613440K, used 613439K [0x0000000680000000, 0x00000006a9990000, 0x00000006a9990000)
  eden space 545344K, 100% used [0x0000000680000000, 0x00000006a1490000, 0x00000006a1490000)
  from space 68096K,  99% used [0x00000006a5710000, 0x00000006a998fe68, 0x00000006a9990000)
  to   space 68096K,   0% used [0x00000006a1490000, 0x00000006a1490000, 0x00000006a5710000)
 concurrent mark-sweep generation total 4561344K, used 4561343K [0x00000006a9990000, 0x00000007c0000000, 0x00000007c0000000)
 Metaspace       used 16314K, capacity 16600K, committed 16768K, reserved 1064960K
  class space    used 2053K, capacity 2140K, committed 2176K, reserved 1048576K
}
Event: 28119.624 GC heap before
{Heap before GC invocations=6785 (full 1006):
 par new generation   total 613440K, used 613439K [0x0000000680000000, 0x00000006a9990000, 0x00000006a9990000)
  eden space 545344K, 100% used [0x0000000680000000, 0x00000006a1490000, 0x00000006a1490000)
  from space 68096K,  99% used [0x00000006a5710000, 0x00000006a998ff38, 0x00000006a9990000)
  to   space 68096K,   0% used [0x00000006a1490000, 0x00000006a1490000, 0x00000006a5710000)
 concurrent mark-sweep generation total 4561344K, used 4561343K [0x00000006a9990000, 0x00000007c0000000, 0x00000007c0000000)
 Metaspace       used 16314K, capacity 16600K, committed 16768K, reserved 1064960K
  class space    used 2053K, capacity 2140K, committed 2176K, reserved 1048576K

Deoptimization events (10 events):
Event: 96.065 Thread 0x00007f8bb8807800 Uncommon trap: reason=class_check action=maybe_recompile pc=0x0000000108e34ee8 method=org.mapdblocal.BTreeMap.put2(Ljava/lang/Object;Ljava/lang/Object;Z)Ljava/lang/Object; @ 212
Event: 96.065 Thread 0x00007f8bb8807800 Uncommon trap: reason=class_check action=maybe_recompile pc=0x0000000108e132f0 method=org.mapdblocal.BTreeMap$BNode.key(Lorg/mapdblocal/BTreeKeySerializer;I)Ljava/lang/Object; @ 22
Event: 96.065 Thread 0x00007f8bb8807800 Uncommon trap: reason=class_check action=maybe_recompile pc=0x0000000108e1520c method=org.mapdblocal.BTreeMap$BNode.compare(Lorg/mapdblocal/BTreeKeySerializer;ILjava/lang/Object;)I @ 29
Event: 96.065 Thread 0x00007f8bb8807800 Uncommon trap: reason=class_check action=maybe_recompile pc=0x0000000108e132f0 method=org.mapdblocal.BTreeMap$BNode.key(Lorg/mapdblocal/BTreeKeySerializer;I)Ljava/lang/Object; @ 22
Event: 96.065 Thread 0x00007f8bb8807800 Uncommon trap: reason=class_check action=maybe_recompile pc=0x0000000108e1520c method=org.mapdblocal.BTreeMap$BNode.compare(Lorg/mapdblocal/BTreeKeySerializer;ILjava/lang/Object;)I @ 29
Event: 96.065 Thread 0x00007f8bb8807800 Uncommon trap: reason=class_check action=maybe_recompile pc=0x0000000108e132f0 method=org.mapdblocal.BTreeMap$BNode.key(Lorg/mapdblocal/BTreeKeySerializer;I)Ljava/lang/Object; @ 22
Event: 96.065 Thread 0x00007f8bb8807800 Uncommon trap: reason=class_check action=maybe_recompile pc=0x0000000108e1520c method=org.mapdblocal.BTreeMap$BNode.compare(Lorg/mapdblocal/BTreeKeySerializer;ILjava/lang/Object;)I @ 29
Event: 97.725 Thread 0x00007f8bb8807800 Uncommon trap: reason=unreached action=reinterpret pc=0x0000000108ae2f34 method=java.util.LinkedHashMap.transferLinks(Ljava/util/LinkedHashMap$Entry;Ljava/util/LinkedHashMap$Entry;)V @ 22
Event: 97.725 Thread 0x00007f8bb8807800 Uncommon trap: reason=unreached action=reinterpret pc=0x0000000108b86fc4 method=java.util.LinkedHashMap.transferLinks(Ljava/util/LinkedHashMap$Entry;Ljava/util/LinkedHashMap$Entry;)V @ 22
Event: 97.725 Thread 0x00007f8bb8807800 Uncommon trap: reason=unreached action=reinterpret pc=0x0000000108a5d0f4 method=java.util.LinkedHashMap.transferLinks(Ljava/util/LinkedHashMap$Entry;Ljava/util/LinkedHashMap$Entry;)V @ 22

Internal exceptions (10 events):
Event: 5.592 Thread 0x00007f8bb8807800 Exception <a 'java/security/PrivilegedActionException'> (0x000000068107af20) thrown at [/HUDSON3/workspace/8-2-build-macosx-x86_64/jdk8u25/1514/hotspot/src/share/vm/prims/jvm.cpp, line 1312]
Event: 5.593 Thread 0x00007f8bb8807800 Exception <a 'java/security/PrivilegedActionException'> (0x000000068107d3c8) thrown at [/HUDSON3/workspace/8-2-build-macosx-x86_64/jdk8u25/1514/hotspot/src/share/vm/prims/jvm.cpp, line 1312]
Event: 5.613 Thread 0x00007f8bb8807800 Exception <a 'java/security/PrivilegedActionException'> (0x00000006810a1210) thrown at [/HUDSON3/workspace/8-2-build-macosx-x86_64/jdk8u25/1514/hotspot/src/share/vm/prims/jvm.cpp, line 1312]
Event: 5.613 Thread 0x00007f8bb8807800 Exception <a 'java/security/PrivilegedActionException'> (0x00000006810a32f8) thrown at [/HUDSON3/workspace/8-2-build-macosx-x86_64/jdk8u25/1514/hotspot/src/share/vm/prims/jvm.cpp, line 1312]
Event: 7.576 Thread 0x00007f8bb8807800 Exception <a 'java/security/PrivilegedActionException'> (0x00000006811378b0) thrown at [/HUDSON3/workspace/8-2-build-macosx-x86_64/jdk8u25/1514/hotspot/src/share/vm/prims/jvm.cpp, line 1312]
Event: 8.531 Thread 0x00007f8bb8807800 Exception <a 'java/security/PrivilegedActionException'> (0x00000006812aaf70) thrown at [/HUDSON3/workspace/8-2-build-macosx-x86_64/jdk8u25/1514/hotspot/src/share/vm/prims/jvm.cpp, line 1312]
Event: 45.799 Thread 0x00007f8bb9810000 Exception <a 'java/lang/NullPointerException'> (0x00000006800fe5d8) thrown at [/HUDSON3/workspace/8-2-build-macosx-x86_64/jdk8u25/1514/hotspot/src/share/vm/interpreter/linkResolver.cpp, line 1178]
Event: 46.524 Thread 0x00007f8bb8807800 Exception <a 'java/security/PrivilegedActionException'> (0x0000000680e686f8) thrown at [/HUDSON3/workspace/8-2-build-macosx-x86_64/jdk8u25/1514/hotspot/src/share/vm/prims/jvm.cpp, line 1312]
Event: 47.094 Thread 0x00007f8bb8807800 Implicit null exception at 0x0000000108e0a9ef to 0x0000000108e0ab35
Event: 25393.352 Thread 0x00007f8bb8807800 Exception <a 'java/lang/OutOfMemoryError'> (0x00000006a9d8ae88) thrown at [/HUDSON3/workspace/8-2-build-macosx-x86_64/jdk8u25/1514/hotspot/src/share/vm/gc_interface/collectedHeap.inline.hpp, line 159]

Events (10 events):
Event: 28080.623 Executing VM operation: CMS_Initial_Mark done
Event: 28080.627 Executing VM operation: GenCollectForAllocation
Event: 28102.882 Executing VM operation: GenCollectForAllocation done
Event: 28102.898 loading class sun/misc/Signal$1
Event: 28102.912 Executing VM operation: GenCollectForAllocation
Event: 28119.368 Executing VM operation: GenCollectForAllocation done
Event: 28119.368 Executing VM operation: CMS_Initial_Mark
Event: 28119.371 loading class sun/misc/Signal$1 done
Event: 28119.624 Executing VM operation: CMS_Initial_Mark done
Event: 28119.624 Executing VM operation: GenCollectForAllocation


Dynamic libraries:
0x0000000008cc5000 	/System/Library/Frameworks/Cocoa.framework/Versions/A/Cocoa
0x0000000008cc5000 	/System/Library/Frameworks/Security.framework/Versions/A/Security
0x0000000008cc5000 	/System/Library/Frameworks/ApplicationServices.framework/Versions/A/ApplicationServices
0x0000000008cc5000 	/usr/lib/libz.1.dylib
0x0000000008cc5000 	/usr/lib/libSystem.B.dylib
0x0000000008cc5000 	/usr/lib/libobjc.A.dylib
0x0000000008cc5000 	/System/Library/Frameworks/CoreFoundation.framework/Versions/A/CoreFoundation
0x0000000008cc5000 	/System/Library/Frameworks/Foundation.framework/Versions/C/Foundation
0x0000000008cc5000 	/System/Library/Frameworks/AppKit.framework/Versions/C/AppKit
0x0000000008cc5000 	/System/Library/Frameworks/CoreData.framework/Versions/A/CoreData
0x0000000008cc5000 	/System/Library/PrivateFrameworks/RemoteViewServices.framework/Versions/A/RemoteViewServices
0x0000000008cc5000 	/System/Library/PrivateFrameworks/UIFoundation.framework/Versions/A/UIFoundation
0x0000000008cc5000 	/System/Library/Frameworks/IOSurface.framework/Versions/A/IOSurface
0x0000000008cc5000 	/System/Library/Frameworks/AudioToolbox.framework/Versions/A/AudioToolbox
0x0000000008cc5000 	/System/Library/Frameworks/AudioUnit.framework/Versions/A/AudioUnit
0x0000000008cc5000 	/System/Library/PrivateFrameworks/DataDetectorsCore.framework/Versions/A/DataDetectorsCore
0x0000000008cc5000 	/System/Library/PrivateFrameworks/DesktopServicesPriv.framework/Versions/A/DesktopServicesPriv
0x0000000008cc5000 	/System/Library/Frameworks/Carbon.framework/Versions/A/Frameworks/HIToolbox.framework/Versions/A/HIToolbox
0x0000000008cc5000 	/System/Library/Frameworks/QuartzCore.framework/Versions/A/QuartzCore
0x0000000008cc5000 	/System/Library/Frameworks/Carbon.framework/Versions/A/Frameworks/SpeechRecognition.framework/Versions/A/SpeechRecognition
0x0000000008cc5000 	/usr/lib/libauto.dylib
0x0000000008cc5000 	/usr/lib/libicucore.A.dylib
0x0000000008cc5000 	/usr/lib/libxml2.2.dylib
0x0000000008cc5000 	/System/Library/PrivateFrameworks/CoreUI.framework/Versions/A/CoreUI
0x0000000008cc5000 	/System/Library/Frameworks/CoreAudio.framework/Versions/A/CoreAudio
0x0000000008cc5000 	/System/Library/Frameworks/DiskArbitration.framework/Versions/A/DiskArbitration
0x0000000008cc5000 	/usr/lib/liblangid.dylib
0x0000000008cc5000 	/System/Library/PrivateFrameworks/MultitouchSupport.framework/Versions/A/MultitouchSupport
0x0000000008cc5000 	/System/Library/Frameworks/IOKit.framework/Versions/A/IOKit
0x0000000008cc5000 	/usr/lib/libDiagnosticMessagesClient.dylib
0x0000000008cc5000 	/System/Library/Frameworks/CoreServices.framework/Versions/A/CoreServices
0x0000000008cc5000 	/System/Library/PrivateFrameworks/PerformanceAnalysis.framework/Versions/A/PerformanceAnalysis
0x0000000008cc5000 	/System/Library/PrivateFrameworks/GenerationalStorage.framework/Versions/A/GenerationalStorage
0x0000000008cc5000 	/System/Library/Frameworks/OpenGL.framework/Versions/A/OpenGL
0x0000000008cc5000 	/System/Library/PrivateFrameworks/Sharing.framework/Versions/A/Sharing
0x0000000008cc5000 	/System/Library/Frameworks/CoreGraphics.framework/Versions/A/CoreGraphics
0x0000000008cc5000 	/System/Library/Frameworks/CoreText.framework/Versions/A/CoreText
0x0000000008cc5000 	/System/Library/Frameworks/ImageIO.framework/Versions/A/ImageIO
0x0000000008cc5000 	/usr/lib/libextension.dylib
0x0000000008cc5000 	/System/Library/PrivateFrameworks/Backup.framework/Versions/A/Backup
0x0000000008cc5000 	/usr/lib/libarchive.2.dylib
0x0000000008cc5000 	/System/Library/Frameworks/CFNetwork.framework/Versions/A/CFNetwork
0x0000000008cc5000 	/System/Library/Frameworks/SystemConfiguration.framework/Versions/A/SystemConfiguration
0x0000000008cc5000 	/usr/lib/libCRFSuite.dylib
0x0000000008cc5000 	/usr/lib/libc++.1.dylib
0x0000000008cc5000 	/usr/lib/libc++abi.dylib
0x0000000008cc5000 	/usr/lib/system/libcache.dylib
0x0000000008cc5000 	/usr/lib/system/libcommonCrypto.dylib
0x0000000008cc5000 	/usr/lib/system/libcompiler_rt.dylib
0x0000000008cc5000 	/usr/lib/system/libcopyfile.dylib
0x0000000008cc5000 	/usr/lib/system/libcorecrypto.dylib
0x0000000008cc5000 	/usr/lib/system/libdispatch.dylib
0x0000000008cc5000 	/usr/lib/system/libdyld.dylib
0x0000000008cc5000 	/usr/lib/system/libkeymgr.dylib
0x0000000008cc5000 	/usr/lib/system/liblaunch.dylib
0x0000000008cc5000 	/usr/lib/system/libmacho.dylib
0x0000000008cc5000 	/usr/lib/system/libquarantine.dylib
0x0000000008cc5000 	/usr/lib/system/libremovefile.dylib
0x0000000008cc5000 	/usr/lib/system/libsystem_asl.dylib
0x0000000008cc5000 	/usr/lib/system/libsystem_blocks.dylib
0x0000000008cc5000 	/usr/lib/system/libsystem_c.dylib
0x0000000008cc5000 	/usr/lib/system/libsystem_configuration.dylib
0x0000000008cc5000 	/usr/lib/system/libsystem_coreservices.dylib
0x0000000008cc5000 	/usr/lib/system/libsystem_coretls.dylib
0x0000000008cc5000 	/usr/lib/system/libsystem_dnssd.dylib
0x0000000008cc5000 	/usr/lib/system/libsystem_info.dylib
0x0000000008cc5000 	/usr/lib/system/libsystem_kernel.dylib
0x0000000008cc5000 	/usr/lib/system/libsystem_m.dylib
0x0000000008cc5000 	/usr/lib/system/libsystem_malloc.dylib
0x0000000008cc5000 	/usr/lib/system/libsystem_network.dylib
0x0000000008cc5000 	/usr/lib/system/libsystem_networkextension.dylib
0x0000000008cc5000 	/usr/lib/system/libsystem_notify.dylib
0x0000000008cc5000 	/usr/lib/system/libsystem_platform.dylib
0x0000000008cc5000 	/usr/lib/system/libsystem_pthread.dylib
0x0000000008cc5000 	/usr/lib/system/libsystem_sandbox.dylib
0x0000000008cc5000 	/usr/lib/system/libsystem_secinit.dylib
0x0000000008cc5000 	/usr/lib/system/libsystem_stats.dylib
0x0000000008cc5000 	/usr/lib/system/libsystem_trace.dylib
0x0000000008cc5000 	/usr/lib/system/libunc.dylib
0x0000000008cc5000 	/usr/lib/system/libunwind.dylib
0x0000000008cc5000 	/usr/lib/system/libxpc.dylib
0x0000000008cc5000 	/usr/lib/libbz2.1.0.dylib
0x0000000008cc5000 	/usr/lib/liblzma.5.dylib
0x0000000008cc5000 	/usr/lib/libbsm.0.dylib
0x0000000008cc5000 	/usr/lib/libsqlite3.dylib
0x0000000008cc5000 	/usr/lib/system/libkxld.dylib
0x0000000008cc5000 	/usr/lib/libxar.1.dylib
0x0000000008cc5000 	/usr/lib/libpam.2.dylib
0x0000000008cc5000 	/usr/lib/libOpenScriptingUtil.dylib
0x0000000008cc5000 	/System/Library/Frameworks/CoreServices.framework/Versions/A/Frameworks/FSEvents.framework/Versions/A/FSEvents
0x0000000008cc5000 	/System/Library/Frameworks/CoreServices.framework/Versions/A/Frameworks/CarbonCore.framework/Versions/A/CarbonCore
0x0000000008cc5000 	/System/Library/Frameworks/CoreServices.framework/Versions/A/Frameworks/Metadata.framework/Versions/A/Metadata
0x0000000008cc5000 	/System/Library/Frameworks/CoreServices.framework/Versions/A/Frameworks/OSServices.framework/Versions/A/OSServices
0x0000000008cc5000 	/System/Library/Frameworks/CoreServices.framework/Versions/A/Frameworks/SearchKit.framework/Versions/A/SearchKit
0x0000000008cc5000 	/System/Library/Frameworks/CoreServices.framework/Versions/A/Frameworks/AE.framework/Versions/A/AE
0x0000000008cc5000 	/System/Library/Frameworks/CoreServices.framework/Versions/A/Frameworks/LaunchServices.framework/Versions/A/LaunchServices
0x0000000008cc5000 	/System/Library/Frameworks/CoreServices.framework/Versions/A/Frameworks/DictionaryServices.framework/Versions/A/DictionaryServices
0x0000000008cc5000 	/System/Library/Frameworks/NetFS.framework/Versions/A/NetFS
0x0000000008cc5000 	/System/Library/PrivateFrameworks/NetAuth.framework/Versions/A/NetAuth
0x0000000008cc5000 	/System/Library/PrivateFrameworks/login.framework/Versions/A/Frameworks/loginsupport.framework/Versions/A/loginsupport
0x0000000008cc5000 	/System/Library/PrivateFrameworks/TCC.framework/Versions/A/TCC
0x0000000008cc5000 	/usr/lib/libmecabra.dylib
0x0000000008cc5000 	/System/Library/Frameworks/ApplicationServices.framework/Versions/A/Frameworks/ATS.framework/Versions/A/ATS
0x0000000008cc5000 	/System/Library/Frameworks/ApplicationServices.framework/Versions/A/Frameworks/ColorSync.framework/Versions/A/ColorSync
0x0000000008cc5000 	/System/Library/Frameworks/ApplicationServices.framework/Versions/A/Frameworks/HIServices.framework/Versions/A/HIServices
0x0000000008cc5000 	/System/Library/Frameworks/ApplicationServices.framework/Versions/A/Frameworks/LangAnalysis.framework/Versions/A/LangAnalysis
0x0000000008cc5000 	/System/Library/Frameworks/ApplicationServices.framework/Versions/A/Frameworks/PrintCore.framework/Versions/A/PrintCore
0x0000000008cc5000 	/System/Library/Frameworks/ApplicationServices.framework/Versions/A/Frameworks/QD.framework/Versions/A/QD
0x0000000008cc5000 	/System/Library/Frameworks/ApplicationServices.framework/Versions/A/Frameworks/SpeechSynthesis.framework/Versions/A/SpeechSynthesis
0x0000000008cc5000 	/System/Library/Frameworks/Accelerate.framework/Versions/A/Accelerate
0x0000000008cc5000 	/System/Library/Frameworks/Accelerate.framework/Versions/A/Frameworks/vImage.framework/Versions/A/vImage
0x0000000008cc5000 	/System/Library/Frameworks/Accelerate.framework/Versions/A/Frameworks/vecLib.framework/Versions/A/vecLib
0x0000000008cc5000 	/System/Library/Frameworks/Accelerate.framework/Versions/A/Frameworks/vecLib.framework/Versions/A/libvDSP.dylib
0x0000000008cc5000 	/System/Library/Frameworks/Accelerate.framework/Versions/A/Frameworks/vecLib.framework/Versions/A/libvMisc.dylib
0x0000000008cc5000 	/System/Library/Frameworks/Accelerate.framework/Versions/A/Frameworks/vecLib.framework/Versions/A/libLAPACK.dylib
0x0000000008cc5000 	/System/Library/Frameworks/Accelerate.framework/Versions/A/Frameworks/vecLib.framework/Versions/A/libBLAS.dylib
0x0000000008cc5000 	/System/Library/Frameworks/Accelerate.framework/Versions/A/Frameworks/vecLib.framework/Versions/A/libLinearAlgebra.dylib
0x0000000008cc5000 	/System/Library/Frameworks/ApplicationServices.framework/Versions/A/Frameworks/ATS.framework/Versions/A/Resources/libFontParser.dylib
0x0000000008cc5000 	/System/Library/Frameworks/ApplicationServices.framework/Versions/A/Frameworks/ATS.framework/Versions/A/Resources/libFontRegistry.dylib
0x0000000008cc5000 	/System/Library/PrivateFrameworks/AppleVPA.framework/Versions/A/AppleVPA
0x0000000008cc5000 	/System/Library/PrivateFrameworks/AppleJPEG.framework/Versions/A/AppleJPEG
0x0000000008cc5000 	/System/Library/Frameworks/ImageIO.framework/Versions/A/Resources/libJPEG.dylib
0x0000000008cc5000 	/System/Library/Frameworks/ImageIO.framework/Versions/A/Resources/libTIFF.dylib
0x0000000008cc5000 	/System/Library/Frameworks/ImageIO.framework/Versions/A/Resources/libPng.dylib
0x0000000008cc5000 	/System/Library/Frameworks/ImageIO.framework/Versions/A/Resources/libGIF.dylib
0x0000000008cc5000 	/System/Library/Frameworks/ImageIO.framework/Versions/A/Resources/libJP2.dylib
0x0000000008cc5000 	/System/Library/Frameworks/ImageIO.framework/Versions/A/Resources/libRadiance.dylib
0x0000000008cc5000 	/System/Library/Frameworks/CoreVideo.framework/Versions/A/CoreVideo
0x0000000008cc5000 	/System/Library/Frameworks/OpenGL.framework/Versions/A/Libraries/libGLU.dylib
0x0000000008cc5000 	/System/Library/Frameworks/OpenGL.framework/Versions/A/Libraries/libGFXShared.dylib
0x0000000008cc5000 	/System/Library/Frameworks/OpenGL.framework/Versions/A/Libraries/libGL.dylib
0x0000000008cc5000 	/System/Library/Frameworks/OpenGL.framework/Versions/A/Libraries/libGLImage.dylib
0x0000000008cc5000 	/System/Library/Frameworks/OpenGL.framework/Versions/A/Libraries/libCVMSPluginSupport.dylib
0x0000000008cc5000 	/System/Library/Frameworks/OpenGL.framework/Versions/A/Libraries/libCoreVMClient.dylib
0x0000000008cc5000 	/usr/lib/libcups.2.dylib
0x0000000008cc5000 	/System/Library/Frameworks/Kerberos.framework/Versions/A/Kerberos
0x0000000008cc5000 	/System/Library/Frameworks/GSS.framework/Versions/A/GSS
0x0000000008cc5000 	/usr/lib/libresolv.9.dylib
0x0000000008cc5000 	/usr/lib/libiconv.2.dylib
0x0000000008cc5000 	/System/Library/PrivateFrameworks/Heimdal.framework/Versions/A/Heimdal
0x0000000008cc5000 	/usr/lib/libheimdal-asn1.dylib
0x0000000008cc5000 	/System/Library/Frameworks/OpenDirectory.framework/Versions/A/OpenDirectory
0x0000000008cc5000 	/System/Library/PrivateFrameworks/CommonAuth.framework/Versions/A/CommonAuth
0x0000000008cc5000 	/System/Library/Frameworks/OpenDirectory.framework/Versions/A/Frameworks/CFOpenDirectory.framework/Versions/A/CFOpenDirectory
0x0000000008cc5000 	/System/Library/Frameworks/SecurityFoundation.framework/Versions/A/SecurityFoundation
0x0000000008cc5000 	/System/Library/PrivateFrameworks/LanguageModeling.framework/Versions/A/LanguageModeling
0x0000000008cc5000 	/usr/lib/libcmph.dylib
0x0000000008cc5000 	/System/Library/Frameworks/ServiceManagement.framework/Versions/A/ServiceManagement
0x0000000008cc5000 	/usr/lib/libxslt.1.dylib
0x0000000008cc5000 	/System/Library/Frameworks/Carbon.framework/Versions/A/Frameworks/Ink.framework/Versions/A/Ink
0x0000000008cc5000 	/System/Library/Frameworks/QuartzCore.framework/Versions/A/Frameworks/CoreImage.framework/Versions/A/CoreImage
0x0000000008cc5000 	/System/Library/PrivateFrameworks/CrashReporterSupport.framework/Versions/A/CrashReporterSupport
0x0000000008cc5000 	/System/Library/Frameworks/OpenCL.framework/Versions/A/OpenCL
0x0000000008cc5000 	/System/Library/PrivateFrameworks/FaceCore.framework/Versions/A/FaceCore
0x0000000008cc5000 	/System/Library/PrivateFrameworks/Ubiquity.framework/Versions/A/Ubiquity
0x0000000008cc5000 	/System/Library/PrivateFrameworks/IconServices.framework/Versions/A/IconServices
0x0000000008cc5000 	/System/Library/PrivateFrameworks/ChunkingLibrary.framework/Versions/A/ChunkingLibrary
0x0000000008cc5000 	/System/Library/PrivateFrameworks/Apple80211.framework/Versions/A/Apple80211
0x0000000008cc5000 	/System/Library/Frameworks/CoreWLAN.framework/Versions/A/CoreWLAN
0x0000000008cc5000 	/System/Library/Frameworks/IOBluetooth.framework/Versions/A/IOBluetooth
0x0000000008cc5000 	/System/Library/PrivateFrameworks/CoreWiFi.framework/Versions/A/CoreWiFi
0x0000000008cc5000 	/System/Library/Frameworks/CoreBluetooth.framework/Versions/A/CoreBluetooth
0x0000000008cc5000 	/System/Library/PrivateFrameworks/DebugSymbols.framework/Versions/A/DebugSymbols
0x0000000008cc5000 	/System/Library/PrivateFrameworks/CoreSymbolication.framework/Versions/A/CoreSymbolication
0x0000000008cc5000 	/System/Library/PrivateFrameworks/Symbolication.framework/Versions/A/Symbolication
0x0000000008cc5000 	/System/Library/PrivateFrameworks/SpeechRecognitionCore.framework/Versions/A/SpeechRecognitionCore
0x0000000107a00000 	/Library/Java/JavaVirtualMachines/jdk1.8.0_25.jdk/Contents/Home/jre/lib/server/libjvm.dylib
0x0000000008cc5000 	/usr/lib/libstdc++.6.dylib
0x00000001069c4000 	/Library/Java/JavaVirtualMachines/jdk1.8.0_25.jdk/Contents/Home/jre/lib/libverify.dylib
0x000000010891c000 	/Library/Java/JavaVirtualMachines/jdk1.8.0_25.jdk/Contents/Home/jre/lib/libjava.dylib
0x00000001069db000 	/Library/Java/JavaVirtualMachines/jdk1.8.0_25.jdk/Contents/Home/jre/lib/libzip.dylib
0x00000001069e5000 	/System/Library/Frameworks/JavaVM.framework/Frameworks/JavaRuntimeSupport.framework/JavaRuntimeSupport
0x00000001222b3000 	/System/Library/Frameworks/JavaVM.framework/Versions/A/Frameworks/JavaNativeFoundation.framework/Versions/A/JavaNativeFoundation
0x00000001222c7000 	/System/Library/Frameworks/JavaVM.framework/Versions/A/JavaVM
0x0000000008cc5000 	/System/Library/Frameworks/Carbon.framework/Versions/A/Carbon
0x00000001222d3000 	/System/Library/PrivateFrameworks/JavaLaunching.framework/Versions/A/JavaLaunching
0x0000000008cc5000 	/System/Library/Frameworks/Carbon.framework/Versions/A/Frameworks/CommonPanels.framework/Versions/A/CommonPanels
0x0000000008cc5000 	/System/Library/Frameworks/Carbon.framework/Versions/A/Frameworks/Help.framework/Versions/A/Help
0x0000000008cc5000 	/System/Library/Frameworks/Carbon.framework/Versions/A/Frameworks/ImageCapture.framework/Versions/A/ImageCapture
0x0000000008cc5000 	/System/Library/Frameworks/Carbon.framework/Versions/A/Frameworks/OpenScripting.framework/Versions/A/OpenScripting
0x0000000008cc5000 	/System/Library/Frameworks/Carbon.framework/Versions/A/Frameworks/Print.framework/Versions/A/Print
0x0000000008cc5000 	/System/Library/Frameworks/Carbon.framework/Versions/A/Frameworks/SecurityHI.framework/Versions/A/SecurityHI
0x000000012441b000 	/Library/Java/JavaVirtualMachines/jdk1.8.0_25.jdk/Contents/Home/jre/lib/libawt.dylib
0x00000001244ca000 	/Library/Java/JavaVirtualMachines/jdk1.8.0_25.jdk/Contents/Home/jre/lib/./libmlib_image.dylib
0x0000000124596000 	/Library/Java/JavaVirtualMachines/jdk1.8.0_25.jdk/Contents/Home/jre/lib/libawt_lwawt.dylib
0x0000000124649000 	/Library/Java/JavaVirtualMachines/jdk1.8.0_25.jdk/Contents/Home/jre/lib/./libosxapp.dylib
0x0000000008cc5000 	/System/Library/Frameworks/ExceptionHandling.framework/Versions/A/ExceptionHandling
0x0000000008cc5000 	/System/Library/PrivateFrameworks/CoreServicesInternal.framework/Versions/A/CoreServicesInternal
0x0000000008cc5000 	/System/Library/PrivateFrameworks/CloudDocs.framework/Versions/A/CloudDocs
0x0000000008cc5000 	/System/Library/PrivateFrameworks/CoreDuet.framework/Versions/A/CoreDuet
0x0000000008cc5000 	/System/Library/Frameworks/CloudKit.framework/Versions/A/CloudKit
0x0000000008cc5000 	/System/Library/PrivateFrameworks/ProtocolBuffer.framework/Versions/A/ProtocolBuffer
0x0000000008cc5000 	/System/Library/PrivateFrameworks/CoreDuetDaemonProtocol.framework/Versions/A/CoreDuetDaemonProtocol
0x0000000008cc5000 	/System/Library/PrivateFrameworks/CoreDuetDebugLogging.framework/Versions/A/CoreDuetDebugLogging
0x0000000008cc5000 	/System/Library/PrivateFrameworks/MMCS.framework/Versions/A/MMCS
0x0000000008cc5000 	/System/Library/Frameworks/CoreLocation.framework/Versions/A/CoreLocation
0x0000000008cc5000 	/System/Library/PrivateFrameworks/ProtectedCloudStorage.framework/Versions/A/ProtectedCloudStorage
0x0000000008cc5000 	/System/Library/PrivateFrameworks/GeoServices.framework/Versions/A/GeoServices
0x0000000008cc5000 	/System/Library/Frameworks/CoreGraphics.framework/Versions/A/Resources/libCGCMS.A.dylib
0x0000000008cc5000 	/System/Library/Frameworks/CoreGraphics.framework/Versions/A/Resources/libRIP.A.dylib
0x0000000008cc5000 	/System/Library/Frameworks/CoreGraphics.framework/Versions/A/Resources/libCGXType.A.dylib
0x0000000008cc5000 	/System/Library/Frameworks/OpenCL.framework/Versions/A/Libraries/libcldcpuengine.dylib
0x0000000008cc5000 	/System/Library/PrivateFrameworks/DiskImages.framework/Versions/A/DiskImages
0x0000000008cc5000 	/System/Library/Frameworks/DiscRecording.framework/Versions/A/DiscRecording
0x0000000008cc5000 	/usr/lib/libcsfde.dylib
0x0000000008cc5000 	/usr/lib/libcurl.4.dylib
0x0000000008cc5000 	/System/Library/PrivateFrameworks/MediaKit.framework/Versions/A/MediaKit
0x0000000008cc5000 	/usr/lib/libCoreStorage.dylib
0x0000000008cc5000 	/System/Library/PrivateFrameworks/EFILogin.framework/Versions/A/EFILogin
0x0000000008cc5000 	/usr/lib/libutil.dylib
0x0000000008cc5000 	/System/Library/PrivateFrameworks/FindMyDevice.framework/Versions/A/FindMyDevice
0x0000000008cc5000 	/System/Library/Frameworks/LDAP.framework/Versions/A/LDAP
0x0000000008cc5000 	/usr/lib/libsasl2.2.dylib
0x0000000008cc5000 	/System/Library/PrivateFrameworks/CoreDaemon.framework/Versions/B/CoreDaemon
0x0000000008cc5000 	/usr/lib/libcrypto.0.9.8.dylib
0x0000000008cc5000 	/System/Library/PrivateFrameworks/AppleSRP.framework/Versions/A/AppleSRP
0x0000000008cc5000 	/System/Library/PrivateFrameworks/TrustEvaluationAgent.framework/Versions/A/TrustEvaluationAgent
0x0000000127898000 	cl_kernels
0x000000012789a000 	/System/Library/Frameworks/OpenCL.framework/Versions/A/Libraries/ImageFormats/unorm8_bgra.dylib
0x0000000127889000 	cl_kernels
0x0000000008cc5000 	/System/Library/PrivateFrameworks/FamilyControls.framework/Versions/A/FamilyControls
0x0000000008cc5000 	/System/Library/PrivateFrameworks/CommerceKit.framework/Versions/A/Frameworks/CommerceCore.framework/Versions/A/CommerceCore
0x0000000008cc5000 	/System/Library/PrivateFrameworks/SystemAdministration.framework/Versions/A/SystemAdministration
0x0000000008cc5000 	/System/Library/PrivateFrameworks/AppContainer.framework/Versions/A/AppContainer
0x0000000008cc5000 	/System/Library/PrivateFrameworks/SecCodeWrapper.framework/Versions/A/SecCodeWrapper
0x0000000008cc5000 	/System/Library/Frameworks/DirectoryService.framework/Versions/A/DirectoryService
0x0000000008cc5000 	/System/Library/PrivateFrameworks/LoginUIKit.framework/Versions/A/Frameworks/LoginUICore.framework/Versions/A/LoginUICore
0x0000000008cc5000 	/usr/lib/libodfde.dylib
0x0000000008cc5000 	/System/Library/Frameworks/OpenGL.framework/Versions/A/Resources/GLEngine.bundle/GLEngine
0x0000000008cc5000 	/System/Library/Frameworks/OpenGL.framework/Versions/A/Libraries/libGLProgrammability.dylib
0x0000000000000000 	/System/Library/Extensions/AMDRadeonX3000GLDriver.bundle/Contents/MacOS/AMDRadeonX3000GLDriver
0x0000000008cc5000 	/System/Library/PrivateFrameworks/IOAccelerator.framework/Versions/A/IOAccelerator
0x0000000008cc5000 	/System/Library/PrivateFrameworks/GPUSupport.framework/Versions/A/Libraries/libGPUSupportMercury.dylib
0x0000000008cc5000 	/System/Library/Frameworks/OpenGL.framework/Versions/A/Resources/GLRendererFloat.bundle/GLRendererFloat
0x0000000128dfd000 	/Library/Java/JavaVirtualMachines/jdk1.8.0_25.jdk/Contents/Home/jre/lib/libfontmanager.dylib
0x0000000128e64000 	/Library/Java/JavaVirtualMachines/jdk1.8.0_25.jdk/Contents/Home/jre/lib/libosxui.dylib
0x00000001291ca000 	/Library/Java/JavaVirtualMachines/jdk1.8.0_25.jdk/Contents/Home/jre/lib/libnet.dylib
0x00000001291e1000 	/Library/Java/JavaVirtualMachines/jdk1.8.0_25.jdk/Contents/Home/jre/lib/libnio.dylib

VM Arguments:
jvm_args: -XX:+UseConcMarkSweepGC -XX:-UseGCOverheadLimit -Xmx5g -Dfile.encoding=US-ASCII 
java_command: Utility.Runner -t
java_class_path (initial): /Volumes/Storage/Dropbox/workspace/SearchGames/bin:/Volumes/Storage/Dropbox/workspace/SearchGames/lib/epsgraphics.jar:/Volumes/Storage/Dropbox/workspace/SearchGames/lib/jcommon-1.0.21.jar:/Volumes/Storage/Dropbox/workspace/SearchGames/lib/jfreechart-1.0.17.jar:/Volumes/Storage/Dropbox/workspace/SearchGames/lib/jgrapht-core-0.9.0.jar:/Volumes/Storage/Dropbox/workspace/SearchGames/lib/jgraph-sna.jar:/Volumes/Storage/Dropbox/workspace/SearchGames/lib/java-plot.jar:/Volumes/Storage/Dropbox/workspace/SearchGames/lib/commons-math3-3.4.1.jar:/Volumes/Storage/Dropbox/workspace/SearchGames/lib/commons-math3-3.4.1.jar:/Volumes/Storage/Dropbox/workspace/SearchGames/lib/bsh-2.0b4.jar:/Volumes/Storage/Dropbox/workspace/SearchGames/lib/mapdb.jar:/Volumes/Storage/Dropbox/workspace/SearchGames/lib/fst-2.38-onejar.jar
Launcher Type: SUN_STANDARD

Environment Variables:
PATH=/usr/local/bin:/usr/bin:/bin:/usr/sbin:/sbin:/usr/local/opt/gnu-sed/libexec/gnubin:/opt/local/bin:/opt/local/sbin:/opt/X11/bin:/Applications/Server.app/Contents/ServerRoot/usr/bin:/Applications/Server.app/Contents/ServerRoot/usr/sbin
SHELL=/bin/bash

Signal Handlers:
SIGSEGV: [libjvm.dylib+0x579dc7], sa_mask[0]=11111111011111110111111111111111, sa_flags=SA_ONSTACK|SA_RESTART|SA_SIGINFO
SIGBUS: [libjvm.dylib+0x579dc7], sa_mask[0]=11111111011111110111111111111111, sa_flags=SA_RESTART|SA_SIGINFO
SIGFPE: [libjvm.dylib+0x45b030], sa_mask[0]=11111111011111110111111111111111, sa_flags=SA_RESTART|SA_SIGINFO
SIGPIPE: [libjvm.dylib+0x45b030], sa_mask[0]=11111111011111110111111111111111, sa_flags=SA_RESTART|SA_SIGINFO
SIGXFSZ: [libjvm.dylib+0x45b030], sa_mask[0]=11111111011111110111111111111111, sa_flags=SA_RESTART|SA_SIGINFO
SIGILL: [libjvm.dylib+0x45b030], sa_mask[0]=11111111011111110111111111111111, sa_flags=SA_RESTART|SA_SIGINFO
SIGUSR1: SIG_DFL, sa_mask[0]=11011111011111100000000111000110, sa_flags=none
SIGUSR2: [libjvm.dylib+0x45ab4e], sa_mask[0]=00000000000000000000000000000000, sa_flags=SA_RESTART|SA_SIGINFO
SIGHUP: [libjvm.dylib+0x459121], sa_mask[0]=11111111011111110111111111111111, sa_flags=SA_RESTART|SA_SIGINFO
SIGINT: [libjvm.dylib+0x459121], sa_mask[0]=11111111011111110111111111111111, sa_flags=SA_RESTART|SA_SIGINFO
SIGTERM: [libjvm.dylib+0x459121], sa_mask[0]=11111111011111110111111111111111, sa_flags=SA_RESTART|SA_SIGINFO
SIGQUIT: [libjvm.dylib+0x459121], sa_mask[0]=11111111011111110111111111111111, sa_flags=SA_RESTART|SA_SIGINFO


---------------  S Y S T E M  ---------------

OS:Bsduname:Darwin 14.4.0 Darwin Kernel Version 14.4.0: Thu May 28 11:35:04 PDT 2015; root:xnu-2782.30.5~1/RELEASE_X86_64 x86_64
rlimit: STACK 8192k, CORE 0k, NPROC 709, NOFILE 10240, AS infinity
load average:2.61 2.88 2.86

CPU:total 8 (4 cores per cpu, 2 threads per core) family 6 model 26 stepping 5, cmov, cx8, fxsr, mmx, sse, sse2, sse3, ssse3, sse4.1, sse4.2, popcnt, ht, tsc, tscinvbit, tscinv

Memory: 4k page, physical 6291456k(16752k free)

/proc/meminfo:


vm_info: Java HotSpot(TM) 64-Bit Server VM (25.25-b02) for bsd-amd64 JRE (1.8.0_25-b17), built on Sep 17 2014 16:56:50 by "java_re" with gcc 4.2.1 (Based on Apple Inc. build 5658) (LLVM build 2336.11.00)

time: Sun Aug 30 11:23:30 2015
elapsed time: 28121 seconds (0d 7h 48m 41s)

