#
# A fatal error has been detected by the Java Runtime Environment:
#
#  SIGSEGV (0xb) at pc=0x00007fff8da350d7, pid=47814, tid=53767
#
# JRE version: Java(TM) SE Runtime Environment (8.0_25-b17) (build 1.8.0_25-b17)
# Java VM: Java HotSpot(TM) 64-Bit Server VM (25.25-b02 mixed mode bsd-amd64 compressed oops)
# Problematic frame:
# C  [libobjc.A.dylib+0x10d7]  objc_msgSend+0x17
#
# Failed to write core dump. Core dumps have been disabled. To enable core dumping, try "ulimit -c unlimited" before starting Java again
#
# If you would like to submit a bug report, please visit:
#   http://bugreport.sun.com/bugreport/crash.jsp
# The crash happened outside the Java Virtual Machine in native code.
# See problematic frame for where to report the bug.
#

---------------  T H R E A D  ---------------

Current thread (0x00007fb9b2892000):  JavaThread "Java2D Queue Flusher" daemon [_thread_in_native, id=53767, stack(0x000000012cd94000,0x000000012ce94000)]

siginfo: si_signo: 11 (SIGSEGV), si_code: 0 (unknown), si_addr: 0x0000000000000000

Registers:
RAX=0x00007fb9b3276000, RBX=0x00007fb9b28921e8, RCX=0x00007fb9b3276040, RDX=0x0000000128874ad0
RSP=0x000000012ce93798, RBP=0x000000012ce937c0, RSI=0x00007fff9154fea1, RDI=0xd000000000000000
R8 =0x0000000000000268, R9 =0x0000000000000060, R10=0x000000010896f4f8, R11=0x00007ffffffffff8
R12=0x00007fb9b3276038, R13=0x00000006801cf618, R14=0x00007fb9b266b800, R15=0x00007fb9b2660eb0
RIP=0x00007fff8da350d7, EFLAGS=0x0000000000010246, ERR=0x0000000000000000
  TRAPNO=0x000000000000000d

Top of Stack: (sp=0x000000012ce93798)
0x000000012ce93798:   00000001288544ea 00007fb9b2646ba0
0x000000012ce937a8:   0000000000000000 00007fb9b3107210
0x000000012ce937b8:   00007fb9b2892000 000000012ce93840
0x000000012ce937c8:   00000001288745ae 000000002ce93908
0x000000012ce937d8:   0000000131ce0450 0000000000000000
0x000000012ce937e8:   00000006801cf618 000000012ce93810
0x000000012ce937f8:   0000000000000064 00007fb9b326c808
0x000000012ce93808:   00007fb9b3107220 00007fb900892000
0x000000012ce93818:   00007fb9b28921e8 0000000131ce0450
0x000000012ce93828:   0000000000000000 000000012ce93908
0x000000012ce93838:   00007fb9b2892000 000000012ce93890
0x000000012ce93848:   000000010896f56a 00000006801cf540
0x000000012ce93858:   00000001067edf53 0000000000000005
0x000000012ce93868:   00007fb9b2892000 00000006801cf601
0x000000012ce93878:   00007fb9b2410ef0 000000012ce93800
0x000000012ce93888:   00007fb9b2892000 00000006801cf618
0x000000012ce93898:   0000000108a2db3c 000000012ce93908
0x000000012ce938a8:   00007fb9b2892000 000000012ce93900
0x000000012ce938b8:   000000010877d6a8 00000006801cf618
0x000000012ce938c8:   000000012ce93908 000000012d31e610
0x000000012ce938d8:   0000000000000000 000000012d31e5a0
0x000000012ce938e8:   0000000000000000 00000006801cf540
0x000000012ce938f8:   00000006801cf618 00000006801cf618
0x000000012ce93908:   00000001089447bc d005772300000000
0x000000012ce93918:   0000000000000000 00000006801cf618
0x000000012ce93928:   0000000600000000 00000006801cf618
0x000000012ce93938:   00000000d0039ec3 0000000000000001
0x000000012ce93948:   0000000000000000 000000012ce939d0
0x000000012ce93958:   000000010854e4e7 0000000682891ed8
0x000000012ce93968:   0000000682891ed8 0000000100001fa0
0x000000012ce93978:   000000000000000a 00007fb9b2892000
0x000000012ce93988:   0000000000000001 000000010854e45f 

Instructions: (pc=0x00007fff8da350d7)
0x00007fff8da350b7:   00 0f 1f 84 00 00 00 00 00 48 85 ff 2e 74 7a 40
0x00007fff8da350c7:   f6 c7 01 2e 75 7e 49 bb f8 ff ff ff ff 7f 00 00
0x00007fff8da350d7:   4c 23 1f 49 89 f2 45 23 53 18 49 c1 e2 04 4d 03
0x00007fff8da350e7:   53 10 49 3b 32 75 04 41 ff 62 08 49 83 3a 00 74 

Register to memory mapping:

RAX=0x00007fb9b3276000 is an unknown value
RBX=0x00007fb9b28921e8 is an unknown value
RCX=0x00007fb9b3276040 is an unknown value
RDX=0x0000000128874ad0: Java_sun_java2d_opengl_OGLRenderQueue_flushBuffer+0xb5c in /Library/Java/JavaVirtualMachines/jdk1.8.0_25.jdk/Contents/Home/jre/lib/libawt_lwawt.dylib at 0x0000000128839000
RSP=0x000000012ce93798 is pointing into the stack for thread: 0x00007fb9b2892000
RBP=0x000000012ce937c0 is pointing into the stack for thread: 0x00007fb9b2892000
RSI=0x00007fff9154fea1: -[NSTitlebarContainerView transparent]+0xcd85 in /System/Library/Frameworks/AppKit.framework/Versions/C/AppKit at 0x00007fff90ba0000
RDI=0xd000000000000000 is an unknown value
R8 =0x0000000000000268 is an unknown value
R9 =0x0000000000000060 is an unknown value
R10=0x000000010896f4f8 is at entry_point+56 in (nmethod*)0x000000010896f350
R11=0x00007ffffffffff8 is an unknown value
R12=0x00007fb9b3276038 is an unknown value
R13=0x00000006801cf618 is an oop
sun.java2d.opengl.OGLRenderQueue$QueueFlusher 
 - klass: 'sun/java2d/opengl/OGLRenderQueue$QueueFlusher'
R14=0x00007fb9b266b800 is an unknown value
R15=0x00007fb9b2660eb0 is an unknown value


Stack: [0x000000012cd94000,0x000000012ce94000],  sp=0x000000012ce93798,  free space=1021k
Native frames: (J=compiled Java code, j=interpreted, Vv=VM code, C=native code)
C  [libobjc.A.dylib+0x10d7]  objc_msgSend+0x17
C  [libawt_lwawt.dylib+0x3b5ae]  Java_sun_java2d_opengl_OGLRenderQueue_flushBuffer+0x63a
J 1279  sun.java2d.opengl.OGLRenderQueue.flushBuffer(JI)V (0 bytes) @ 0x000000010896f56a [0x000000010896f4c0+0xaa]
J 1465 C1 sun.java2d.opengl.OGLRenderQueue.flushBuffer()V (41 bytes) @ 0x0000000108a2db3c [0x0000000108a2d8e0+0x25c]

Java frames: (J=compiled Java code, j=interpreted, Vv=VM code)
J 1279  sun.java2d.opengl.OGLRenderQueue.flushBuffer(JI)V (0 bytes) @ 0x000000010896f4f8 [0x000000010896f4c0+0x38]
J 1465 C1 sun.java2d.opengl.OGLRenderQueue.flushBuffer()V (41 bytes) @ 0x0000000108a2db3c [0x0000000108a2d8e0+0x25c]
J 2028% C2 sun.java2d.opengl.OGLRenderQueue$QueueFlusher.run()V (234 bytes) @ 0x00000001089447bc [0x00000001089444e0+0x2dc]
v  ~StubRoutines::call_stub

---------------  P R O C E S S  ---------------

Java Threads: ( => current thread )
  0x00007fb9b28d4800 JavaThread "TimerQueue" daemon [_thread_blocked, id=63667, stack(0x000000012ecba000,0x000000012edba000)]
  0x00007fb9b32bd000 JavaThread "DestroyJavaVM" [_thread_blocked, id=4867, stack(0x0000000108401000,0x0000000108501000)]
  0x00007fb9b3910800 JavaThread "AWT-EventQueue-0" [_thread_in_native, id=56587, stack(0x000000012d0de000,0x000000012d1de000)]
  0x00007fb9b4155800 JavaThread "Java2D Disposer" daemon [_thread_blocked, id=55051, stack(0x000000012ceeb000,0x000000012cfeb000)]
=>0x00007fb9b2892000 JavaThread "Java2D Queue Flusher" daemon [_thread_in_native, id=53767, stack(0x000000012cd94000,0x000000012ce94000)]
  0x00007fb9b40bf000 JavaThread "AWT-Shutdown" [_thread_blocked, id=30483, stack(0x000000012a138000,0x000000012a238000)]
  0x00007fb9b2824000 JavaThread "AppKit Thread" daemon [_thread_in_native, id=1299, stack(0x00007fff5903c000,0x00007fff5983c000)]
  0x00007fb9b304a800 JavaThread "Service Thread" daemon [_thread_blocked, id=20739, stack(0x00000001284b7000,0x00000001285b7000)]
  0x00007fb9b3027800 JavaThread "C1 CompilerThread3" daemon [_thread_blocked, id=20227, stack(0x00000001283b4000,0x00000001284b4000)]
  0x00007fb9b3027000 JavaThread "C2 CompilerThread2" daemon [_thread_blocked, id=19715, stack(0x00000001282b1000,0x00000001283b1000)]
  0x00007fb9b3026000 JavaThread "C2 CompilerThread1" daemon [_thread_blocked, id=19203, stack(0x00000001281ae000,0x00000001282ae000)]
  0x00007fb9b3024800 JavaThread "C2 CompilerThread0" daemon [_thread_blocked, id=18691, stack(0x00000001280ab000,0x00000001281ab000)]
  0x00007fb9b300c800 JavaThread "Signal Dispatcher" daemon [_thread_blocked, id=15383, stack(0x0000000127fa8000,0x00000001280a8000)]
  0x00007fb9b281c000 JavaThread "Finalizer" daemon [_thread_blocked, id=13571, stack(0x0000000126588000,0x0000000126688000)]
  0x00007fb9b281b800 JavaThread "Reference Handler" daemon [_thread_blocked, id=13059, stack(0x0000000126485000,0x0000000126585000)]

Other Threads:
  0x00007fb9b2817000 VMThread [stack: 0x0000000126382000,0x0000000126482000] [id=12547]
  0x00007fb9b304b000 WatcherThread [stack: 0x00000001285ba000,0x00000001286ba000] [id=21251]

VM state:not at safepoint (normal execution)

VM Mutex/Monitor currently owned by a thread: None

Heap:
 PSYoungGen      total 55296K, used 12833K [0x0000000755580000, 0x000000075bb00000, 0x00000007c0000000)
  eden space 12800K, 43% used [0x0000000755580000,0x0000000755af8730,0x0000000756200000)
  from space 42496K, 17% used [0x0000000759180000,0x0000000759890000,0x000000075bb00000)
  to   space 45568K, 0% used [0x0000000756200000,0x0000000756200000,0x0000000758e80000)
 ParOldGen       total 390144K, used 121749K [0x0000000680000000, 0x0000000697d00000, 0x0000000755580000)
  object space 390144K, 31% used [0x0000000680000000,0x00000006876e5718,0x0000000697d00000)
 Metaspace       used 14728K, capacity 14958K, committed 15232K, reserved 1062912K
  class space    used 1839K, capacity 1887K, committed 1920K, reserved 1048576K

Card table byte_map: [0x000000011790e000,0x000000011830f000] byte_map_base: 0x000000011450e000

Marking Bits: (ParMarkBitMap*) 0x0000000106d5f390
 Begin Bits: [0x00000001191d2000, 0x000000011e1d2000)
 End Bits:   [0x000000011e1d2000, 0x00000001231d2000)

Polling page: 0x00000001073f5000

CodeCache: size=245760Kb used=6706Kb max_used=6736Kb free=239053Kb
 bounds [0x000000010854e000, 0x0000000108bee000, 0x000000011754e000]
 total_blobs=2575 nmethods=2010 adapters=478
 compilation: enabled

Compilation events (10 events):
Event: 23361.618 Thread 0x00007fb9b3027800 2208       3       javax.swing.DefaultButtonModel::isArmed (15 bytes)
Event: 23361.618 Thread 0x00007fb9b3027800 nmethod 2208 0x00000001087f9650 code [0x00000001087f97c0, 0x00000001087f9970]
Event: 23362.328 Thread 0x00007fb9b3024800 2209       4       java.awt.AWTEvent::<init> (81 bytes)
Event: 23362.329 Thread 0x00007fb9b3027800 2210       3       java.awt.Component::getNativeContainer (29 bytes)
Event: 23362.330 Thread 0x00007fb9b3027800 nmethod 2210 0x00000001088f3f90 code [0x00000001088f4120, 0x00000001088f45d8]
Event: 23362.330 Thread 0x00007fb9b3024800 nmethod 2209 0x0000000108bd1210 code [0x0000000108bd1380, 0x0000000108bd1558]
Event: 23362.331 Thread 0x00007fb9b3027800 2211       3       sun.java2d.opengl.CGLSurfaceData$CGLLayerSurfaceData::getBounds (16 bytes)
Event: 23362.331 Thread 0x00007fb9b3027800 nmethod 2211 0x00000001088f3850 code [0x00000001088f39e0, 0x00000001088f3d70]
Event: 23362.331 Thread 0x00007fb9b3027800 2212       3       apple.laf.JRSUIState::<init> (15 bytes)
Event: 23362.332 Thread 0x00007fb9b3027800 nmethod 2212 0x00000001088f3490 code [0x00000001088f3600, 0x00000001088f37b0]

GC Heap History (10 events):
Event: 23371.119 GC heap before
{Heap before GC invocations=376 (full 18):
 PSYoungGen      total 13312K, used 12914K [0x0000000755580000, 0x000000075d780000, 0x00000007c0000000)
  eden space 7680K, 100% used [0x0000000755580000,0x0000000755d00000,0x0000000755d00000)
  from space 5632K, 92% used [0x0000000755d00000,0x000000075621ca70,0x0000000756280000)
  to   space 61952K, 0% used [0x0000000759b00000,0x0000000759b00000,0x000000075d780000)
 ParOldGen       total 1370624K, used 1338543K [0x0000000680000000, 0x00000006d3a80000, 0x0000000755580000)
  object space 1370624K, 97% used [0x0000000680000000,0x00000006d1b2be30,0x00000006d3a80000)
 Metaspace       used 14728K, capacity 14958K, committed 15232K, reserved 1062912K
  class space    used 1839K, capacity 1887K, committed 1920K, reserved 1048576K
Event: 23371.139 GC heap after
Heap after GC invocations=376 (full 18):
 PSYoungGen      total 64000K, used 5211K [0x0000000755580000, 0x000000075d080000, 0x00000007c0000000)
  eden space 9216K, 0% used [0x0000000755580000,0x0000000755580000,0x0000000755e80000)
  from space 54784K, 9% used [0x0000000759b00000,0x000000075a016e18,0x000000075d080000)
  to   space 58368K, 0% used [0x0000000755e80000,0x0000000755e80000,0x0000000759780000)
 ParOldGen       total 1370624K, used 1343392K [0x0000000680000000, 0x00000006d3a80000, 0x0000000755580000)
  object space 1370624K, 98% used [0x0000000680000000,0x00000006d1fe8088,0x00000006d3a80000)
 Metaspace       used 14728K, capacity 14958K, committed 15232K, reserved 1062912K
  class space    used 1839K, capacity 1887K, committed 1920K, reserved 1048576K
}
Event: 23371.545 GC heap before
{Heap before GC invocations=377 (full 18):
 PSYoungGen      total 64000K, used 14427K [0x0000000755580000, 0x000000075d080000, 0x00000007c0000000)
  eden space 9216K, 100% used [0x0000000755580000,0x0000000755e80000,0x0000000755e80000)
  from space 54784K, 9% used [0x0000000759b00000,0x000000075a016e18,0x000000075d080000)
  to   space 58368K, 0% used [0x0000000755e80000,0x0000000755e80000,0x0000000759780000)
 ParOldGen       total 1370624K, used 1343392K [0x0000000680000000, 0x00000006d3a80000, 0x0000000755580000)
  object space 1370624K, 98% used [0x0000000680000000,0x00000006d1fe8088,0x00000006d3a80000)
 Metaspace       used 14728K, capacity 14958K, committed 15232K, reserved 1062912K
  class space    used 1839K, capacity 1887K, committed 1920K, reserved 1048576K
Event: 23371.563 GC heap after
Heap after GC invocations=377 (full 18):
 PSYoungGen      total 15360K, used 6130K [0x0000000755580000, 0x000000075cb80000, 0x00000007c0000000)
  eden space 9216K, 0% used [0x0000000755580000,0x0000000755580000,0x0000000755e80000)
  from space 6144K, 99% used [0x0000000755e80000,0x000000075647c810,0x0000000756480000)
  to   space 54784K, 0% used [0x0000000759600000,0x0000000759600000,0x000000075cb80000)
 ParOldGen       total 1370624K, used 1348168K [0x0000000680000000, 0x00000006d3a80000, 0x0000000755580000)
  object space 1370624K, 98% used [0x0000000680000000,0x00000006d24923a8,0x00000006d3a80000)
 Metaspace       used 14728K, capacity 14958K, committed 15232K, reserved 1062912K
  class space    used 1839K, capacity 1887K, committed 1920K, reserved 1048576K
}
Event: 23372.323 GC heap before
{Heap before GC invocations=378 (full 18):
 PSYoungGen      total 15360K, used 15346K [0x0000000755580000, 0x000000075cb80000, 0x00000007c0000000)
  eden space 9216K, 100% used [0x0000000755580000,0x0000000755e80000,0x0000000755e80000)
  from space 6144K, 99% used [0x0000000755e80000,0x000000075647c810,0x0000000756480000)
  to   space 54784K, 0% used [0x0000000759600000,0x0000000759600000,0x000000075cb80000)
 ParOldGen       total 1370624K, used 1348168K [0x0000000680000000, 0x00000006d3a80000, 0x0000000755580000)
  object space 1370624K, 98% used [0x0000000680000000,0x00000006d24923a8,0x00000006d3a80000)
 Metaspace       used 14728K, capacity 14958K, committed 15232K, reserved 1062912K
  class space    used 1839K, capacity 1887K, committed 1920K, reserved 1048576K
Event: 23372.342 GC heap after
Heap after GC invocations=378 (full 18):
 PSYoungGen      total 58880K, used 6080K [0x0000000755580000, 0x000000075c500000, 0x00000007c0000000)
  eden space 10752K, 0% used [0x0000000755580000,0x0000000755580000,0x0000000756000000)
  from space 48128K, 12% used [0x0000000759600000,0x0000000759bf0000,0x000000075c500000)
  to   space 51712K, 0% used [0x0000000756000000,0x0000000756000000,0x0000000759280000)
 ParOldGen       total 1370624K, used 1353789K [0x0000000680000000, 0x00000006d3a80000, 0x0000000755580000)
  object space 1370624K, 98% used [0x0000000680000000,0x00000006d2a0f460,0x00000006d3a80000)
 Metaspace       used 14728K, capacity 14958K, committed 15232K, reserved 1062912K
  class space    used 1839K, capacity 1887K, committed 1920K, reserved 1048576K
}
Event: 23372.734 GC heap before
{Heap before GC invocations=379 (full 18):
 PSYoungGen      total 58880K, used 16832K [0x0000000755580000, 0x000000075c500000, 0x00000007c0000000)
  eden space 10752K, 100% used [0x0000000755580000,0x0000000756000000,0x0000000756000000)
  from space 48128K, 12% used [0x0000000759600000,0x0000000759bf0000,0x000000075c500000)
  to   space 51712K, 0% used [0x0000000756000000,0x0000000756000000,0x0000000759280000)
 ParOldGen       total 1370624K, used 1353789K [0x0000000680000000, 0x00000006d3a80000, 0x0000000755580000)
  object space 1370624K, 98% used [0x0000000680000000,0x00000006d2a0f460,0x00000006d3a80000)
 Metaspace       used 14728K, capacity 14958K, committed 15232K, reserved 1062912K
  class space    used 1839K, capacity 1887K, committed 1920K, reserved 1048576K
Event: 23372.752 GC heap after
Heap after GC invocations=379 (full 18):
 PSYoungGen      total 17920K, used 7168K [0x0000000755580000, 0x000000075c100000, 0x00000007c0000000)
  eden space 10752K, 0% used [0x0000000755580000,0x0000000755580000,0x0000000756000000)
  from space 7168K, 100% used [0x0000000756000000,0x0000000756700000,0x0000000756700000)
  to   space 48640K, 0% used [0x0000000759180000,0x0000000759180000,0x000000075c100000)
 ParOldGen       total 1370624K, used 1359445K [0x0000000680000000, 0x00000006d3a80000, 0x0000000755580000)
  object space 1370624K, 99% used [0x0000000680000000,0x00000006d2f954b8,0x00000006d3a80000)
 Metaspace       used 14728K, capacity 14958K, committed 15232K, reserved 1062912K
  class space    used 1839K, capacity 1887K, committed 1920K, reserved 1048576K
}
Event: 23372.753 GC heap before
{Heap before GC invocations=380 (full 19):
 PSYoungGen      total 17920K, used 7168K [0x0000000755580000, 0x000000075c100000, 0x00000007c0000000)
  eden space 10752K, 0% used [0x0000000755580000,0x0000000755580000,0x0000000756000000)
  from space 7168K, 100% used [0x0000000756000000,0x0000000756700000,0x0000000756700000)
  to   space 48640K, 0% used [0x0000000759180000,0x0000000759180000,0x000000075c100000)
 ParOldGen       total 1370624K, used 1359445K [0x0000000680000000, 0x00000006d3a80000, 0x0000000755580000)
  object space 1370624K, 99% used [0x0000000680000000,0x00000006d2f954b8,0x00000006d3a80000)
 Metaspace       used 14728K, capacity 14958K, committed 15232K, reserved 1062912K
  class space    used 1839K, capacity 1887K, committed 1920K, reserved 1048576K
Event: 23373.184 GC heap after
Heap after GC invocations=380 (full 19):
 PSYoungGen      total 17920K, used 0K [0x0000000755580000, 0x000000075c100000, 0x00000007c0000000)
  eden space 10752K, 0% used [0x0000000755580000,0x0000000755580000,0x0000000756000000)
  from space 7168K, 0% used [0x0000000756000000,0x0000000756000000,0x0000000756700000)
  to   space 48640K, 0% used [0x0000000759180000,0x0000000759180000,0x000000075c100000)
 ParOldGen       total 390144K, used 121749K [0x0000000680000000, 0x0000000697d00000, 0x0000000755580000)
  object space 390144K, 31% used [0x0000000680000000,0x00000006876e5718,0x0000000697d00000)
 Metaspace       used 14728K, capacity 14958K, committed 15232K, reserved 1062912K
  class space    used 1839K, capacity 1887K, committed 1920K, reserved 1048576K
}

Deoptimization events (10 events):
Event: 23348.410 Thread 0x00007fb9b3910800 Uncommon trap: reason=class_check action=maybe_recompile pc=0x0000000108b6c23c method=sun.nio.cs.StreamDecoder.readBytes()I @ 135
Event: 23348.427 Thread 0x00007fb9b3910800 Uncommon trap: reason=class_check action=maybe_recompile pc=0x0000000108677be0 method=sun.nio.cs.StreamDecoder.readBytes()I @ 135
Event: 23349.764 Thread 0x00007fb9b3910800 Uncommon trap: reason=class_check action=maybe_recompile pc=0x0000000108ba2efc method=sun.nio.cs.StreamDecoder.inReady()Z @ 11
Event: 23350.666 Thread 0x00007fb9b3910800 Uncommon trap: reason=class_check action=maybe_recompile pc=0x0000000108ba2efc method=sun.nio.cs.StreamDecoder.inReady()Z @ 11
Event: 23351.938 Thread 0x00007fb9b3910800 Uncommon trap: reason=class_check action=maybe_recompile pc=0x0000000108ad84a8 method=java.awt.EventQueue.coalesceEvent(Ljava/awt/AWTEvent;I)Z @ 77
Event: 23351.946 Thread 0x00007fb9b3910800 Uncommon trap: reason=class_check action=maybe_recompile pc=0x0000000108ad84a8 method=java.awt.EventQueue.coalesceEvent(Ljava/awt/AWTEvent;I)Z @ 77
Event: 23351.948 Thread 0x00007fb9b3910800 Uncommon trap: reason=bimorphic action=maybe_recompile pc=0x0000000108ad056c method=java.util.HashMap.putVal(ILjava/lang/Object;Ljava/lang/Object;ZZ)Ljava/lang/Object; @ 91
Event: 23351.954 Thread 0x00007fb9b3910800 Uncommon trap: reason=class_check action=maybe_recompile pc=0x0000000108ad84a8 method=java.awt.EventQueue.coalesceEvent(Ljava/awt/AWTEvent;I)Z @ 77
Event: 23351.963 Thread 0x00007fb9b3910800 Uncommon trap: reason=class_check action=maybe_recompile pc=0x0000000108ad84a8 method=java.awt.EventQueue.coalesceEvent(Ljava/awt/AWTEvent;I)Z @ 77
Event: 23351.970 Thread 0x00007fb9b3910800 Uncommon trap: reason=bimorphic action=maybe_recompile pc=0x0000000108ad056c method=java.util.HashMap.putVal(ILjava/lang/Object;Ljava/lang/Object;ZZ)Ljava/lang/Object; @ 91

Internal exceptions (10 events):
Event: 1.574 Thread 0x00007fb9b4000000 Exception <a 'java/security/PrivilegedActionException'> (0x0000000755cf49b0) thrown at [/HUDSON3/workspace/8-2-build-macosx-x86_64/jdk8u25/1514/hotspot/src/share/vm/prims/jvm.cpp, line 1312]
Event: 1.577 Thread 0x00007fb9b4000000 Exception <a 'java/security/PrivilegedActionException'> (0x0000000755cf8a20) thrown at [/HUDSON3/workspace/8-2-build-macosx-x86_64/jdk8u25/1514/hotspot/src/share/vm/prims/jvm.cpp, line 1312]
Event: 1.630 Thread 0x00007fb9b4000000 Exception <a 'java/security/PrivilegedActionException'> (0x0000000755d1a5d0) thrown at [/HUDSON3/workspace/8-2-build-macosx-x86_64/jdk8u25/1514/hotspot/src/share/vm/prims/jvm.cpp, line 1312]
Event: 1.642 Thread 0x00007fb9b4000000 Exception <a 'java/security/PrivilegedActionException'> (0x0000000755d1c708) thrown at [/HUDSON3/workspace/8-2-build-macosx-x86_64/jdk8u25/1514/hotspot/src/share/vm/prims/jvm.cpp, line 1312]
Event: 1.653 Thread 0x00007fb9b4000000 Exception <a 'java/security/PrivilegedActionException'> (0x0000000755d1e900) thrown at [/HUDSON3/workspace/8-2-build-macosx-x86_64/jdk8u25/1514/hotspot/src/share/vm/prims/jvm.cpp, line 1312]
Event: 1.665 Thread 0x00007fb9b4000000 Exception <a 'java/security/PrivilegedActionException'> (0x0000000755d20d90) thrown at [/HUDSON3/workspace/8-2-build-macosx-x86_64/jdk8u25/1514/hotspot/src/share/vm/prims/jvm.cpp, line 1312]
Event: 3.120 Thread 0x00007fb9b3910800 Exception <a 'java/security/PrivilegedActionException'> (0x00000007563918f8) thrown at [/HUDSON3/workspace/8-2-build-macosx-x86_64/jdk8u25/1514/hotspot/src/share/vm/prims/jvm.cpp, line 1312]
Event: 30.586 Thread 0x00007fb9b3910800 Exception <a 'java/security/PrivilegedActionException'> (0x0000000756c62160) thrown at [/HUDSON3/workspace/8-2-build-macosx-x86_64/jdk8u25/1514/hotspot/src/share/vm/prims/jvm.cpp, line 1312]
Event: 30.598 Thread 0x00007fb9b3910800 Exception <a 'java/security/PrivilegedActionException'> (0x0000000756c64108) thrown at [/HUDSON3/workspace/8-2-build-macosx-x86_64/jdk8u25/1514/hotspot/src/share/vm/prims/jvm.cpp, line 1312]
Event: 23348.321 Thread 0x00007fb9b3910800 Exception <a 'java/security/PrivilegedActionException'> (0x0000000755e18628) thrown at [/HUDSON3/workspace/8-2-build-macosx-x86_64/jdk8u25/1514/hotspot/src/share/vm/prims/jvm.cpp, line 1312]

Events (10 events):
Event: 23370.622 Executing VM operation: ParallelGCFailedAllocation
Event: 23370.638 Executing VM operation: ParallelGCFailedAllocation done
Event: 23371.119 Executing VM operation: ParallelGCFailedAllocation
Event: 23371.139 Executing VM operation: ParallelGCFailedAllocation done
Event: 23371.545 Executing VM operation: ParallelGCFailedAllocation
Event: 23371.563 Executing VM operation: ParallelGCFailedAllocation done
Event: 23372.323 Executing VM operation: ParallelGCFailedAllocation
Event: 23372.342 Executing VM operation: ParallelGCFailedAllocation done
Event: 23372.734 Executing VM operation: ParallelGCFailedAllocation
Event: 23373.184 Executing VM operation: ParallelGCFailedAllocation done


Dynamic libraries:
0x000000000c592000 	/System/Library/Frameworks/Cocoa.framework/Versions/A/Cocoa
0x000000000c592000 	/System/Library/Frameworks/Security.framework/Versions/A/Security
0x000000000c592000 	/System/Library/Frameworks/ApplicationServices.framework/Versions/A/ApplicationServices
0x000000000c592000 	/usr/lib/libz.1.dylib
0x000000000c592000 	/usr/lib/libSystem.B.dylib
0x000000000c592000 	/usr/lib/libobjc.A.dylib
0x000000000c592000 	/System/Library/Frameworks/CoreFoundation.framework/Versions/A/CoreFoundation
0x000000000c592000 	/System/Library/Frameworks/Foundation.framework/Versions/C/Foundation
0x000000000c592000 	/System/Library/Frameworks/AppKit.framework/Versions/C/AppKit
0x000000000c592000 	/System/Library/Frameworks/CoreData.framework/Versions/A/CoreData
0x000000000c592000 	/System/Library/PrivateFrameworks/RemoteViewServices.framework/Versions/A/RemoteViewServices
0x000000000c592000 	/System/Library/PrivateFrameworks/UIFoundation.framework/Versions/A/UIFoundation
0x000000000c592000 	/System/Library/Frameworks/IOSurface.framework/Versions/A/IOSurface
0x000000000c592000 	/System/Library/Frameworks/AudioToolbox.framework/Versions/A/AudioToolbox
0x000000000c592000 	/System/Library/Frameworks/AudioUnit.framework/Versions/A/AudioUnit
0x000000000c592000 	/System/Library/PrivateFrameworks/DataDetectorsCore.framework/Versions/A/DataDetectorsCore
0x000000000c592000 	/System/Library/PrivateFrameworks/DesktopServicesPriv.framework/Versions/A/DesktopServicesPriv
0x000000000c592000 	/System/Library/Frameworks/Carbon.framework/Versions/A/Frameworks/HIToolbox.framework/Versions/A/HIToolbox
0x000000000c592000 	/System/Library/Frameworks/QuartzCore.framework/Versions/A/QuartzCore
0x000000000c592000 	/System/Library/Frameworks/Carbon.framework/Versions/A/Frameworks/SpeechRecognition.framework/Versions/A/SpeechRecognition
0x000000000c592000 	/usr/lib/libauto.dylib
0x000000000c592000 	/usr/lib/libicucore.A.dylib
0x000000000c592000 	/usr/lib/libxml2.2.dylib
0x000000000c592000 	/System/Library/PrivateFrameworks/CoreUI.framework/Versions/A/CoreUI
0x000000000c592000 	/System/Library/Frameworks/CoreAudio.framework/Versions/A/CoreAudio
0x000000000c592000 	/System/Library/Frameworks/DiskArbitration.framework/Versions/A/DiskArbitration
0x000000000c592000 	/usr/lib/liblangid.dylib
0x000000000c592000 	/System/Library/PrivateFrameworks/MultitouchSupport.framework/Versions/A/MultitouchSupport
0x000000000c592000 	/System/Library/Frameworks/IOKit.framework/Versions/A/IOKit
0x000000000c592000 	/usr/lib/libDiagnosticMessagesClient.dylib
0x000000000c592000 	/System/Library/Frameworks/CoreServices.framework/Versions/A/CoreServices
0x000000000c592000 	/System/Library/PrivateFrameworks/PerformanceAnalysis.framework/Versions/A/PerformanceAnalysis
0x000000000c592000 	/System/Library/PrivateFrameworks/GenerationalStorage.framework/Versions/A/GenerationalStorage
0x000000000c592000 	/System/Library/Frameworks/OpenGL.framework/Versions/A/OpenGL
0x000000000c592000 	/System/Library/PrivateFrameworks/Sharing.framework/Versions/A/Sharing
0x000000000c592000 	/System/Library/Frameworks/CoreGraphics.framework/Versions/A/CoreGraphics
0x000000000c592000 	/System/Library/Frameworks/CoreText.framework/Versions/A/CoreText
0x000000000c592000 	/System/Library/Frameworks/ImageIO.framework/Versions/A/ImageIO
0x000000000c592000 	/usr/lib/libextension.dylib
0x000000000c592000 	/System/Library/PrivateFrameworks/Backup.framework/Versions/A/Backup
0x000000000c592000 	/usr/lib/libarchive.2.dylib
0x000000000c592000 	/System/Library/Frameworks/CFNetwork.framework/Versions/A/CFNetwork
0x000000000c592000 	/System/Library/Frameworks/SystemConfiguration.framework/Versions/A/SystemConfiguration
0x000000000c592000 	/usr/lib/libCRFSuite.dylib
0x000000000c592000 	/usr/lib/libc++.1.dylib
0x000000000c592000 	/usr/lib/libc++abi.dylib
0x000000000c592000 	/usr/lib/system/libcache.dylib
0x000000000c592000 	/usr/lib/system/libcommonCrypto.dylib
0x000000000c592000 	/usr/lib/system/libcompiler_rt.dylib
0x000000000c592000 	/usr/lib/system/libcopyfile.dylib
0x000000000c592000 	/usr/lib/system/libcorecrypto.dylib
0x000000000c592000 	/usr/lib/system/libdispatch.dylib
0x000000000c592000 	/usr/lib/system/libdyld.dylib
0x000000000c592000 	/usr/lib/system/libkeymgr.dylib
0x000000000c592000 	/usr/lib/system/liblaunch.dylib
0x000000000c592000 	/usr/lib/system/libmacho.dylib
0x000000000c592000 	/usr/lib/system/libquarantine.dylib
0x000000000c592000 	/usr/lib/system/libremovefile.dylib
0x000000000c592000 	/usr/lib/system/libsystem_asl.dylib
0x000000000c592000 	/usr/lib/system/libsystem_blocks.dylib
0x000000000c592000 	/usr/lib/system/libsystem_c.dylib
0x000000000c592000 	/usr/lib/system/libsystem_configuration.dylib
0x000000000c592000 	/usr/lib/system/libsystem_coreservices.dylib
0x000000000c592000 	/usr/lib/system/libsystem_coretls.dylib
0x000000000c592000 	/usr/lib/system/libsystem_dnssd.dylib
0x000000000c592000 	/usr/lib/system/libsystem_info.dylib
0x000000000c592000 	/usr/lib/system/libsystem_kernel.dylib
0x000000000c592000 	/usr/lib/system/libsystem_m.dylib
0x000000000c592000 	/usr/lib/system/libsystem_malloc.dylib
0x000000000c592000 	/usr/lib/system/libsystem_network.dylib
0x000000000c592000 	/usr/lib/system/libsystem_networkextension.dylib
0x000000000c592000 	/usr/lib/system/libsystem_notify.dylib
0x000000000c592000 	/usr/lib/system/libsystem_platform.dylib
0x000000000c592000 	/usr/lib/system/libsystem_pthread.dylib
0x000000000c592000 	/usr/lib/system/libsystem_sandbox.dylib
0x000000000c592000 	/usr/lib/system/libsystem_secinit.dylib
0x000000000c592000 	/usr/lib/system/libsystem_stats.dylib
0x000000000c592000 	/usr/lib/system/libsystem_trace.dylib
0x000000000c592000 	/usr/lib/system/libunc.dylib
0x000000000c592000 	/usr/lib/system/libunwind.dylib
0x000000000c592000 	/usr/lib/system/libxpc.dylib
0x000000000c592000 	/usr/lib/libbz2.1.0.dylib
0x000000000c592000 	/usr/lib/liblzma.5.dylib
0x000000000c592000 	/usr/lib/libbsm.0.dylib
0x000000000c592000 	/usr/lib/libsqlite3.dylib
0x000000000c592000 	/usr/lib/system/libkxld.dylib
0x000000000c592000 	/usr/lib/libxar.1.dylib
0x000000000c592000 	/usr/lib/libpam.2.dylib
0x000000000c592000 	/usr/lib/libOpenScriptingUtil.dylib
0x000000000c592000 	/System/Library/Frameworks/CoreServices.framework/Versions/A/Frameworks/FSEvents.framework/Versions/A/FSEvents
0x000000000c592000 	/System/Library/Frameworks/CoreServices.framework/Versions/A/Frameworks/CarbonCore.framework/Versions/A/CarbonCore
0x000000000c592000 	/System/Library/Frameworks/CoreServices.framework/Versions/A/Frameworks/Metadata.framework/Versions/A/Metadata
0x000000000c592000 	/System/Library/Frameworks/CoreServices.framework/Versions/A/Frameworks/OSServices.framework/Versions/A/OSServices
0x000000000c592000 	/System/Library/Frameworks/CoreServices.framework/Versions/A/Frameworks/SearchKit.framework/Versions/A/SearchKit
0x000000000c592000 	/System/Library/Frameworks/CoreServices.framework/Versions/A/Frameworks/AE.framework/Versions/A/AE
0x000000000c592000 	/System/Library/Frameworks/CoreServices.framework/Versions/A/Frameworks/LaunchServices.framework/Versions/A/LaunchServices
0x000000000c592000 	/System/Library/Frameworks/CoreServices.framework/Versions/A/Frameworks/DictionaryServices.framework/Versions/A/DictionaryServices
0x000000000c592000 	/System/Library/Frameworks/NetFS.framework/Versions/A/NetFS
0x000000000c592000 	/System/Library/PrivateFrameworks/NetAuth.framework/Versions/A/NetAuth
0x000000000c592000 	/System/Library/PrivateFrameworks/login.framework/Versions/A/Frameworks/loginsupport.framework/Versions/A/loginsupport
0x000000000c592000 	/System/Library/PrivateFrameworks/TCC.framework/Versions/A/TCC
0x000000000c592000 	/usr/lib/libmecabra.dylib
0x000000000c592000 	/System/Library/Frameworks/ApplicationServices.framework/Versions/A/Frameworks/ATS.framework/Versions/A/ATS
0x000000000c592000 	/System/Library/Frameworks/ApplicationServices.framework/Versions/A/Frameworks/ColorSync.framework/Versions/A/ColorSync
0x000000000c592000 	/System/Library/Frameworks/ApplicationServices.framework/Versions/A/Frameworks/HIServices.framework/Versions/A/HIServices
0x000000000c592000 	/System/Library/Frameworks/ApplicationServices.framework/Versions/A/Frameworks/LangAnalysis.framework/Versions/A/LangAnalysis
0x000000000c592000 	/System/Library/Frameworks/ApplicationServices.framework/Versions/A/Frameworks/PrintCore.framework/Versions/A/PrintCore
0x000000000c592000 	/System/Library/Frameworks/ApplicationServices.framework/Versions/A/Frameworks/QD.framework/Versions/A/QD
0x000000000c592000 	/System/Library/Frameworks/ApplicationServices.framework/Versions/A/Frameworks/SpeechSynthesis.framework/Versions/A/SpeechSynthesis
0x000000000c592000 	/System/Library/Frameworks/Accelerate.framework/Versions/A/Accelerate
0x000000000c592000 	/System/Library/Frameworks/Accelerate.framework/Versions/A/Frameworks/vImage.framework/Versions/A/vImage
0x000000000c592000 	/System/Library/Frameworks/Accelerate.framework/Versions/A/Frameworks/vecLib.framework/Versions/A/vecLib
0x000000000c592000 	/System/Library/Frameworks/Accelerate.framework/Versions/A/Frameworks/vecLib.framework/Versions/A/libvDSP.dylib
0x000000000c592000 	/System/Library/Frameworks/Accelerate.framework/Versions/A/Frameworks/vecLib.framework/Versions/A/libvMisc.dylib
0x000000000c592000 	/System/Library/Frameworks/Accelerate.framework/Versions/A/Frameworks/vecLib.framework/Versions/A/libLAPACK.dylib
0x000000000c592000 	/System/Library/Frameworks/Accelerate.framework/Versions/A/Frameworks/vecLib.framework/Versions/A/libBLAS.dylib
0x000000000c592000 	/System/Library/Frameworks/Accelerate.framework/Versions/A/Frameworks/vecLib.framework/Versions/A/libLinearAlgebra.dylib
0x000000000c592000 	/System/Library/Frameworks/ApplicationServices.framework/Versions/A/Frameworks/ATS.framework/Versions/A/Resources/libFontParser.dylib
0x000000000c592000 	/System/Library/Frameworks/ApplicationServices.framework/Versions/A/Frameworks/ATS.framework/Versions/A/Resources/libFontRegistry.dylib
0x000000000c592000 	/System/Library/PrivateFrameworks/AppleVPA.framework/Versions/A/AppleVPA
0x000000000c592000 	/System/Library/PrivateFrameworks/AppleJPEG.framework/Versions/A/AppleJPEG
0x000000000c592000 	/System/Library/Frameworks/ImageIO.framework/Versions/A/Resources/libJPEG.dylib
0x000000000c592000 	/System/Library/Frameworks/ImageIO.framework/Versions/A/Resources/libTIFF.dylib
0x000000000c592000 	/System/Library/Frameworks/ImageIO.framework/Versions/A/Resources/libPng.dylib
0x000000000c592000 	/System/Library/Frameworks/ImageIO.framework/Versions/A/Resources/libGIF.dylib
0x000000000c592000 	/System/Library/Frameworks/ImageIO.framework/Versions/A/Resources/libJP2.dylib
0x000000000c592000 	/System/Library/Frameworks/ImageIO.framework/Versions/A/Resources/libRadiance.dylib
0x000000000c592000 	/System/Library/Frameworks/CoreVideo.framework/Versions/A/CoreVideo
0x000000000c592000 	/System/Library/Frameworks/OpenGL.framework/Versions/A/Libraries/libGLU.dylib
0x000000000c592000 	/System/Library/Frameworks/OpenGL.framework/Versions/A/Libraries/libGFXShared.dylib
0x000000000c592000 	/System/Library/Frameworks/OpenGL.framework/Versions/A/Libraries/libGL.dylib
0x000000000c592000 	/System/Library/Frameworks/OpenGL.framework/Versions/A/Libraries/libGLImage.dylib
0x000000000c592000 	/System/Library/Frameworks/OpenGL.framework/Versions/A/Libraries/libCVMSPluginSupport.dylib
0x000000000c592000 	/System/Library/Frameworks/OpenGL.framework/Versions/A/Libraries/libCoreVMClient.dylib
0x000000000c592000 	/usr/lib/libcups.2.dylib
0x000000000c592000 	/System/Library/Frameworks/Kerberos.framework/Versions/A/Kerberos
0x000000000c592000 	/System/Library/Frameworks/GSS.framework/Versions/A/GSS
0x000000000c592000 	/usr/lib/libresolv.9.dylib
0x000000000c592000 	/usr/lib/libiconv.2.dylib
0x000000000c592000 	/System/Library/PrivateFrameworks/Heimdal.framework/Versions/A/Heimdal
0x000000000c592000 	/usr/lib/libheimdal-asn1.dylib
0x000000000c592000 	/System/Library/Frameworks/OpenDirectory.framework/Versions/A/OpenDirectory
0x000000000c592000 	/System/Library/PrivateFrameworks/CommonAuth.framework/Versions/A/CommonAuth
0x000000000c592000 	/System/Library/Frameworks/OpenDirectory.framework/Versions/A/Frameworks/CFOpenDirectory.framework/Versions/A/CFOpenDirectory
0x000000000c592000 	/System/Library/Frameworks/SecurityFoundation.framework/Versions/A/SecurityFoundation
0x000000000c592000 	/System/Library/PrivateFrameworks/LanguageModeling.framework/Versions/A/LanguageModeling
0x000000000c592000 	/usr/lib/libcmph.dylib
0x000000000c592000 	/System/Library/Frameworks/ServiceManagement.framework/Versions/A/ServiceManagement
0x000000000c592000 	/usr/lib/libxslt.1.dylib
0x000000000c592000 	/System/Library/Frameworks/Carbon.framework/Versions/A/Frameworks/Ink.framework/Versions/A/Ink
0x000000000c592000 	/System/Library/Frameworks/QuartzCore.framework/Versions/A/Frameworks/CoreImage.framework/Versions/A/CoreImage
0x000000000c592000 	/System/Library/PrivateFrameworks/CrashReporterSupport.framework/Versions/A/CrashReporterSupport
0x000000000c592000 	/System/Library/Frameworks/OpenCL.framework/Versions/A/OpenCL
0x000000000c592000 	/System/Library/PrivateFrameworks/FaceCore.framework/Versions/A/FaceCore
0x000000000c592000 	/System/Library/PrivateFrameworks/Ubiquity.framework/Versions/A/Ubiquity
0x000000000c592000 	/System/Library/PrivateFrameworks/IconServices.framework/Versions/A/IconServices
0x000000000c592000 	/System/Library/PrivateFrameworks/ChunkingLibrary.framework/Versions/A/ChunkingLibrary
0x000000000c592000 	/System/Library/PrivateFrameworks/Apple80211.framework/Versions/A/Apple80211
0x000000000c592000 	/System/Library/Frameworks/CoreWLAN.framework/Versions/A/CoreWLAN
0x000000000c592000 	/System/Library/Frameworks/IOBluetooth.framework/Versions/A/IOBluetooth
0x000000000c592000 	/System/Library/PrivateFrameworks/CoreWiFi.framework/Versions/A/CoreWiFi
0x000000000c592000 	/System/Library/Frameworks/CoreBluetooth.framework/Versions/A/CoreBluetooth
0x000000000c592000 	/System/Library/PrivateFrameworks/DebugSymbols.framework/Versions/A/DebugSymbols
0x000000000c592000 	/System/Library/PrivateFrameworks/CoreSymbolication.framework/Versions/A/CoreSymbolication
0x000000000c592000 	/System/Library/PrivateFrameworks/Symbolication.framework/Versions/A/Symbolication
0x000000000c592000 	/System/Library/PrivateFrameworks/SpeechRecognitionCore.framework/Versions/A/SpeechRecognitionCore
0x00000001064c2000 	/Library/Java/JavaVirtualMachines/jdk1.8.0_25.jdk/Contents/Home/jre/lib/server/libjvm.dylib
0x000000000c592000 	/usr/lib/libstdc++.6.dylib
0x0000000108503000 	/Library/Java/JavaVirtualMachines/jdk1.8.0_25.jdk/Contents/Home/jre/lib/libverify.dylib
0x0000000108511000 	/Library/Java/JavaVirtualMachines/jdk1.8.0_25.jdk/Contents/Home/jre/lib/libjava.dylib
0x0000000108545000 	/Library/Java/JavaVirtualMachines/jdk1.8.0_25.jdk/Contents/Home/jre/lib/libzip.dylib
0x000000012668a000 	/System/Library/Frameworks/JavaVM.framework/Frameworks/JavaRuntimeSupport.framework/JavaRuntimeSupport
0x00000001266a0000 	/System/Library/Frameworks/JavaVM.framework/Versions/A/Frameworks/JavaNativeFoundation.framework/Versions/A/JavaNativeFoundation
0x00000001266b4000 	/System/Library/Frameworks/JavaVM.framework/Versions/A/JavaVM
0x000000000c592000 	/System/Library/Frameworks/Carbon.framework/Versions/A/Carbon
0x00000001266c0000 	/System/Library/PrivateFrameworks/JavaLaunching.framework/Versions/A/JavaLaunching
0x000000000c592000 	/System/Library/Frameworks/Carbon.framework/Versions/A/Frameworks/CommonPanels.framework/Versions/A/CommonPanels
0x000000000c592000 	/System/Library/Frameworks/Carbon.framework/Versions/A/Frameworks/Help.framework/Versions/A/Help
0x000000000c592000 	/System/Library/Frameworks/Carbon.framework/Versions/A/Frameworks/ImageCapture.framework/Versions/A/ImageCapture
0x000000000c592000 	/System/Library/Frameworks/Carbon.framework/Versions/A/Frameworks/OpenScripting.framework/Versions/A/OpenScripting
0x000000000c592000 	/System/Library/Frameworks/Carbon.framework/Versions/A/Frameworks/Print.framework/Versions/A/Print
0x000000000c592000 	/System/Library/Frameworks/Carbon.framework/Versions/A/Frameworks/SecurityHI.framework/Versions/A/SecurityHI
0x00000001286be000 	/Library/Java/JavaVirtualMachines/jdk1.8.0_25.jdk/Contents/Home/jre/lib/libawt.dylib
0x000000012876d000 	/Library/Java/JavaVirtualMachines/jdk1.8.0_25.jdk/Contents/Home/jre/lib/./libmlib_image.dylib
0x0000000128839000 	/Library/Java/JavaVirtualMachines/jdk1.8.0_25.jdk/Contents/Home/jre/lib/libawt_lwawt.dylib
0x00000001288ec000 	/Library/Java/JavaVirtualMachines/jdk1.8.0_25.jdk/Contents/Home/jre/lib/./libosxapp.dylib
0x000000000c592000 	/System/Library/Frameworks/ExceptionHandling.framework/Versions/A/ExceptionHandling
0x000000000c592000 	/System/Library/PrivateFrameworks/CoreServicesInternal.framework/Versions/A/CoreServicesInternal
0x000000000c592000 	/System/Library/PrivateFrameworks/CloudDocs.framework/Versions/A/CloudDocs
0x000000000c592000 	/System/Library/PrivateFrameworks/CoreDuet.framework/Versions/A/CoreDuet
0x000000000c592000 	/System/Library/Frameworks/CloudKit.framework/Versions/A/CloudKit
0x000000000c592000 	/System/Library/PrivateFrameworks/ProtocolBuffer.framework/Versions/A/ProtocolBuffer
0x000000000c592000 	/System/Library/PrivateFrameworks/CoreDuetDaemonProtocol.framework/Versions/A/CoreDuetDaemonProtocol
0x000000000c592000 	/System/Library/PrivateFrameworks/CoreDuetDebugLogging.framework/Versions/A/CoreDuetDebugLogging
0x000000000c592000 	/System/Library/PrivateFrameworks/MMCS.framework/Versions/A/MMCS
0x000000000c592000 	/System/Library/Frameworks/CoreLocation.framework/Versions/A/CoreLocation
0x000000000c592000 	/System/Library/PrivateFrameworks/ProtectedCloudStorage.framework/Versions/A/ProtectedCloudStorage
0x000000000c592000 	/System/Library/PrivateFrameworks/GeoServices.framework/Versions/A/GeoServices
0x000000000c592000 	/System/Library/Frameworks/CoreGraphics.framework/Versions/A/Resources/libCGCMS.A.dylib
0x000000000c592000 	/System/Library/Frameworks/CoreGraphics.framework/Versions/A/Resources/libRIP.A.dylib
0x000000000c592000 	/System/Library/Frameworks/CoreGraphics.framework/Versions/A/Resources/libCGXType.A.dylib
0x000000000c592000 	/System/Library/Frameworks/OpenCL.framework/Versions/A/Libraries/libcldcpuengine.dylib
0x000000000c592000 	/System/Library/PrivateFrameworks/DiskImages.framework/Versions/A/DiskImages
0x000000000c592000 	/System/Library/Frameworks/DiscRecording.framework/Versions/A/DiscRecording
0x000000000c592000 	/usr/lib/libcsfde.dylib
0x000000000c592000 	/usr/lib/libcurl.4.dylib
0x000000000c592000 	/System/Library/PrivateFrameworks/MediaKit.framework/Versions/A/MediaKit
0x000000000c592000 	/usr/lib/libCoreStorage.dylib
0x000000000c592000 	/System/Library/PrivateFrameworks/EFILogin.framework/Versions/A/EFILogin
0x000000000c592000 	/usr/lib/libutil.dylib
0x000000000c592000 	/System/Library/PrivateFrameworks/FindMyDevice.framework/Versions/A/FindMyDevice
0x000000000c592000 	/System/Library/Frameworks/LDAP.framework/Versions/A/LDAP
0x000000000c592000 	/usr/lib/libsasl2.2.dylib
0x000000000c592000 	/System/Library/PrivateFrameworks/CoreDaemon.framework/Versions/B/CoreDaemon
0x000000000c592000 	/usr/lib/libcrypto.0.9.8.dylib
0x000000000c592000 	/System/Library/PrivateFrameworks/AppleSRP.framework/Versions/A/AppleSRP
0x000000000c592000 	/System/Library/PrivateFrameworks/TrustEvaluationAgent.framework/Versions/A/TrustEvaluationAgent
0x000000012ba3f000 	cl_kernels
0x000000012ba41000 	/System/Library/Frameworks/OpenCL.framework/Versions/A/Libraries/ImageFormats/unorm8_bgra.dylib
0x000000012ba30000 	cl_kernels
0x000000000c592000 	/System/Library/PrivateFrameworks/FamilyControls.framework/Versions/A/FamilyControls
0x000000000c592000 	/System/Library/PrivateFrameworks/CommerceKit.framework/Versions/A/Frameworks/CommerceCore.framework/Versions/A/CommerceCore
0x000000000c592000 	/System/Library/PrivateFrameworks/SystemAdministration.framework/Versions/A/SystemAdministration
0x000000000c592000 	/System/Library/PrivateFrameworks/AppContainer.framework/Versions/A/AppContainer
0x000000000c592000 	/System/Library/PrivateFrameworks/SecCodeWrapper.framework/Versions/A/SecCodeWrapper
0x000000000c592000 	/System/Library/Frameworks/DirectoryService.framework/Versions/A/DirectoryService
0x000000000c592000 	/System/Library/PrivateFrameworks/LoginUIKit.framework/Versions/A/Frameworks/LoginUICore.framework/Versions/A/LoginUICore
0x000000000c592000 	/usr/lib/libodfde.dylib
0x000000000c592000 	/System/Library/Frameworks/OpenGL.framework/Versions/A/Resources/GLEngine.bundle/GLEngine
0x000000000c592000 	/System/Library/Frameworks/OpenGL.framework/Versions/A/Libraries/libGLProgrammability.dylib
0x0000000000000000 	/System/Library/Extensions/AMDRadeonX3000GLDriver.bundle/Contents/MacOS/AMDRadeonX3000GLDriver
0x000000000c592000 	/System/Library/PrivateFrameworks/IOAccelerator.framework/Versions/A/IOAccelerator
0x000000000c592000 	/System/Library/PrivateFrameworks/GPUSupport.framework/Versions/A/Libraries/libGPUSupportMercury.dylib
0x000000000c592000 	/System/Library/Frameworks/OpenGL.framework/Versions/A/Resources/GLRendererFloat.bundle/GLRendererFloat
0x000000012d023000 	/Library/Java/JavaVirtualMachines/jdk1.8.0_25.jdk/Contents/Home/jre/lib/libfontmanager.dylib
0x000000012d08a000 	/Library/Java/JavaVirtualMachines/jdk1.8.0_25.jdk/Contents/Home/jre/lib/libosxui.dylib
0x000000012d49a000 	/Library/Java/JavaVirtualMachines/jdk1.8.0_25.jdk/Contents/Home/jre/lib/libnet.dylib
0x000000012d6d7000 	/Library/Java/JavaVirtualMachines/jdk1.8.0_25.jdk/Contents/Home/jre/lib/libnio.dylib
0x000000000c592000 	/System/Library/Frameworks/Accelerate.framework/Versions/A/Frameworks/vImage.framework/Versions/A/Libraries/libCGInterfaces.dylib
0x000000012e56d000 	/Library/Java/JavaVirtualMachines/jdk1.8.0_25.jdk/Contents/Home/jre/lib/libdcpr.dylib

VM Arguments:
jvm_args: -XX:-UseGCOverheadLimit -Xmx5g -Dfile.encoding=US-ASCII 
java_command: Utility.Runner
java_class_path (initial): /Volumes/Martin/Dropbox/workspace/SearchGames/bin:/Volumes/Martin/Dropbox/workspace/SearchGames/lib/epsgraphics.jar:/Volumes/Martin/Dropbox/workspace/SearchGames/lib/jcommon-1.0.21.jar:/Volumes/Martin/Dropbox/workspace/SearchGames/lib/jfreechart-1.0.17.jar:/Volumes/Martin/Dropbox/workspace/SearchGames/lib/jgrapht-core-0.9.0.jar:/Volumes/Martin/Dropbox/workspace/SearchGames/lib/jgraph-sna.jar:/Volumes/Martin/Dropbox/workspace/SearchGames/lib/java-plot.jar:/Volumes/Martin/Dropbox/workspace/SearchGames/lib/commons-math3-3.4.1.jar
Launcher Type: SUN_STANDARD

Environment Variables:
PATH=/opt/local/bin:/opt/local/sbin:/usr/local/bin:/usr/bin:/bin:/usr/sbin:/sbin:/opt/X11/bin:/Applications/Server.app/Contents/ServerRoot/usr/bin:/Applications/Server.app/Contents/ServerRoot/usr/sbin
SHELL=/bin/bash
DISPLAY=/private/tmp/com.apple.launchd.8ZqF4K3qxT/org.macosforge.xquartz:0

Signal Handlers:
SIGSEGV: [libjvm.dylib+0x579dc7], sa_mask[0]=11111111011111110111111111111111, sa_flags=SA_ONSTACK|SA_RESTART|SA_SIGINFO
SIGBUS: [libjvm.dylib+0x579dc7], sa_mask[0]=11111111011111110111111111111111, sa_flags=SA_RESTART|SA_SIGINFO
SIGFPE: [libjvm.dylib+0x45b030], sa_mask[0]=11111111011111110111111111111111, sa_flags=SA_RESTART|SA_SIGINFO
SIGPIPE: [libjvm.dylib+0x45b030], sa_mask[0]=11111111011111110111111111111111, sa_flags=SA_RESTART|SA_SIGINFO
SIGXFSZ: [libjvm.dylib+0x45b030], sa_mask[0]=11111111011111110111111111111111, sa_flags=SA_RESTART|SA_SIGINFO
SIGILL: [libjvm.dylib+0x45b030], sa_mask[0]=11111111011111110111111111111111, sa_flags=SA_RESTART|SA_SIGINFO
SIGUSR1: SIG_DFL, sa_mask[0]=11011111011111100000000111000110, sa_flags=none
SIGUSR2: [libjvm.dylib+0x45ab4e], sa_mask[0]=00000000000000000000000000000000, sa_flags=SA_RESTART|SA_SIGINFO
SIGHUP: [libjvm.dylib+0x459121], sa_mask[0]=11111111011111110111111111111111, sa_flags=SA_RESTART|SA_SIGINFO
SIGINT: [libjvm.dylib+0x459121], sa_mask[0]=11111111011111110111111111111111, sa_flags=SA_RESTART|SA_SIGINFO
SIGTERM: [libjvm.dylib+0x459121], sa_mask[0]=11111111011111110111111111111111, sa_flags=SA_RESTART|SA_SIGINFO
SIGQUIT: [libjvm.dylib+0x459121], sa_mask[0]=11111111011111110111111111111111, sa_flags=SA_RESTART|SA_SIGINFO


---------------  S Y S T E M  ---------------

OS:Bsduname:Darwin 14.3.0 Darwin Kernel Version 14.3.0: Mon Mar 23 11:59:05 PDT 2015; root:xnu-2782.20.48~5/RELEASE_X86_64 x86_64
rlimit: STACK 8192k, CORE 0k, NPROC 709, NOFILE 10240, AS infinity
load average:1.31 1.47 1.50

CPU:total 8 (4 cores per cpu, 2 threads per core) family 6 model 26 stepping 5, cmov, cx8, fxsr, mmx, sse, sse2, sse3, ssse3, sse4.1, sse4.2, popcnt, ht, tsc, tscinvbit, tscinv

Memory: 4k page, physical 6291456k(1044120k free)

/proc/meminfo:


vm_info: Java HotSpot(TM) 64-Bit Server VM (25.25-b02) for bsd-amd64 JRE (1.8.0_25-b17), built on Sep 17 2014 16:56:50 by "java_re" with gcc 4.2.1 (Based on Apple Inc. build 5658) (LLVM build 2336.11.00)

time: Tue May 19 20:09:49 2015
elapsed time: 23374 seconds (0d 6h 29m 34s)

